0 verbose cli /usr/local/bin/node /usr/local/bin/npm
1 info using npm@10.7.0
2 info using node@v20.15.1
3 silly config:load:file:/usr/local/lib/node_modules/npm/npmrc
4 silly config:load:file:/Users/jeffreyliknes/Documents/Projects/AI Visibility Toolkit/.npmrc
5 silly config:load:file:/Users/jeffreyliknes/.npmrc
6 silly config:load:file:/usr/local/etc/npmrc
7 verbose title npm install tailwindcss@3.4.17
8 verbose argv "install" "tailwindcss@3.4.17" "--save-dev"
9 verbose logfile logs-max:10 dir:/Users/jeffreyliknes/Documents/Projects/AI Visibility Toolkit/.npm-cache/_logs/2025-11-21T16_04_40_640Z-
10 verbose logfile /Users/jeffreyliknes/Documents/Projects/AI Visibility Toolkit/.npm-cache/_logs/2025-11-21T16_04_40_640Z-debug-0.log
11 silly logfile done cleaning log files
12 silly idealTree buildDeps
13 silly fetch manifest tailwindcss@3.4.17
14 http fetch GET 200 https://registry.npmjs.org/tailwindcss 323ms (cache revalidated)
15 silly placeDep ROOT tailwindcss@3.4.17 REPLACE for: ai-visibility-toolkit@0.1.0 want: 3.4.17
16 silly fetch manifest arg@^5.0.2
17 silly fetch manifest dlv@^1.1.3
18 silly fetch manifest jiti@^1.21.6
19 silly fetch manifest sucrase@^3.35.0
20 silly fetch manifest chokidar@^3.6.0
21 silly fetch manifest fast-glob@^3.3.2
22 silly fetch manifest lilconfig@^3.1.3
23 http fetch GET 200 https://registry.npmjs.org/arg 131ms (cache miss)
24 silly fetch manifest didyoumean@^1.2.2
25 http fetch GET 200 https://registry.npmjs.org/jiti 181ms (cache revalidated)
26 silly fetch manifest postcss-js@^4.0.1
27 http fetch GET 200 https://registry.npmjs.org/sucrase 188ms (cache miss)
28 silly fetch manifest object-hash@^3.0.0
29 http fetch GET 200 https://registry.npmjs.org/chokidar 208ms (cache miss)
30 silly fetch manifest normalize-path@^3.0.0
31 http fetch GET 200 https://registry.npmjs.org/fast-glob 223ms (cache revalidated)
32 silly fetch manifest postcss-import@^15.1.0
33 http fetch GET 200 https://registry.npmjs.org/didyoumean 95ms (cache miss)
34 silly fetch manifest postcss-nested@^6.2.0
35 http fetch GET 200 https://registry.npmjs.org/lilconfig 233ms (cache miss)
36 silly fetch manifest @alloc/quick-lru@^5.2.0
37 http fetch GET 200 https://registry.npmjs.org/dlv 253ms (cache miss)
38 silly fetch manifest postcss-load-config@^4.0.2
39 http fetch GET 200 https://registry.npmjs.org/postcss-js 77ms (cache miss)
40 silly fetch manifest postcss-selector-parser@^6.1.2
41 http fetch GET 200 https://registry.npmjs.org/normalize-path 58ms (cache miss)
42 http fetch GET 200 https://registry.npmjs.org/object-hash 83ms (cache miss)
43 http fetch GET 200 https://registry.npmjs.org/@alloc%2fquick-lru 150ms (cache miss)
44 http fetch GET 200 https://registry.npmjs.org/postcss-import 168ms (cache miss)
45 http fetch GET 200 https://registry.npmjs.org/postcss-nested 171ms (cache miss)
46 http fetch GET 200 https://registry.npmjs.org/postcss-load-config 410ms (cache miss)
47 http fetch GET 200 https://registry.npmjs.org/postcss-selector-parser 1179ms (cache miss)
48 silly fetch manifest postcss@^8.4.47
49 http fetch GET 200 https://registry.npmjs.org/postcss 59ms (cache revalidated)
50 silly fetch manifest ts-node@>=9.0.0
51 http fetch GET 200 https://registry.npmjs.org/ts-node 208ms (cache miss)
52 silly fetch manifest @swc/core@>=1.2.50
53 http fetch GET 200 https://registry.npmjs.org/@swc%2fcore 435ms (cache miss)
54 silly fetch manifest @swc/helpers@>=0.5.17
55 http fetch GET 200 https://registry.npmjs.org/@swc%2fhelpers 75ms (cache revalidated)
56 silly fetch manifest @swc/wasm@>=1.2.50
57 http fetch GET 200 https://registry.npmjs.org/@swc%2fwasm 410ms (cache miss)
58 silly fetch manifest @types/node@*
59 http fetch GET 200 https://registry.npmjs.org/@types%2fnode 112ms (cache revalidated)
60 silly fetch manifest typescript@>=2.7
61 http fetch GET 200 https://registry.npmjs.org/typescript 141ms (cache revalidated)
62 silly placeDep ROOT @alloc/quick-lru@5.2.0 OK for: tailwindcss@3.4.17 want: ^5.2.0
63 silly placeDep ROOT arg@5.0.2 OK for: tailwindcss@3.4.17 want: ^5.0.2
64 silly placeDep ROOT chokidar@3.6.0 OK for: tailwindcss@3.4.17 want: ^3.6.0
65 silly placeDep ROOT didyoumean@1.2.2 OK for: tailwindcss@3.4.17 want: ^1.2.2
66 silly placeDep ROOT dlv@1.1.3 OK for: tailwindcss@3.4.17 want: ^1.1.3
67 silly placeDep node_modules/tailwindcss fast-glob@3.3.3 OK for: tailwindcss@3.4.17 want: ^3.3.2
68 silly placeDep ROOT jiti@1.21.7 OK for: tailwindcss@3.4.17 want: ^1.21.6
69 silly placeDep ROOT lilconfig@3.1.3 OK for: tailwindcss@3.4.17 want: ^3.1.3
70 silly placeDep ROOT normalize-path@3.0.0 OK for: tailwindcss@3.4.17 want: ^3.0.0
71 silly placeDep ROOT object-hash@3.0.0 OK for: tailwindcss@3.4.17 want: ^3.0.0
72 silly placeDep ROOT postcss-import@15.1.0 OK for: tailwindcss@3.4.17 want: ^15.1.0
73 silly placeDep ROOT postcss-js@4.1.0 OK for: tailwindcss@3.4.17 want: ^4.0.1
74 silly placeDep node_modules/tailwindcss postcss-load-config@4.0.2 OK for: tailwindcss@3.4.17 want: ^4.0.2
75 silly placeDep ROOT postcss-nested@6.2.0 OK for: tailwindcss@3.4.17 want: ^6.2.0
76 silly placeDep ROOT postcss-selector-parser@6.1.2 OK for: tailwindcss@3.4.17 want: ^6.1.2
77 silly placeDep ROOT sucrase@3.35.1 OK for: tailwindcss@3.4.17 want: ^3.35.0
78 silly fetch manifest anymatch@~3.1.2
79 silly fetch manifest readdirp@~3.6.0
80 silly fetch manifest glob-parent@~5.1.2
81 silly fetch manifest is-binary-path@~2.1.0
82 silly fetch manifest normalize-path@~3.0.0
83 silly fetch manifest fsevents@~2.3.2
84 silly fetch manifest glob-parent@^5.1.2
85 silly fetch manifest read-cache@^1.0.0
86 http fetch GET 200 https://registry.npmjs.org/glob-parent 116ms (cache revalidated)
87 silly fetch manifest camelcase-css@^2.0.1
88 http fetch GET 200 https://registry.npmjs.org/glob-parent 118ms (cache revalidated)
89 silly fetch manifest yaml@^2.3.4
90 http fetch GET 200 https://registry.npmjs.org/read-cache 119ms (cache miss)
91 silly fetch manifest postcss-selector-parser@^6.1.1
92 silly fetch manifest cssesc@^3.0.0
93 http fetch GET 200 https://registry.npmjs.org/is-binary-path 122ms (cache miss)
94 silly fetch manifest util-deprecate@^1.0.2
95 http fetch GET 200 https://registry.npmjs.org/anymatch 124ms (cache miss)
96 silly fetch manifest commander@^4.0.0
97 http fetch GET 200 https://registry.npmjs.org/fsevents 125ms (cache miss)
98 silly fetch manifest lines-and-columns@^1.1.6
99 http fetch GET 200 https://registry.npmjs.org/util-deprecate 52ms (cache miss)
100 silly fetch manifest mz@^2.7.0
101 http fetch GET 200 https://registry.npmjs.org/cssesc 55ms (cache miss)
102 silly fetch manifest pirates@^4.0.1
103 http fetch GET 200 https://registry.npmjs.org/camelcase-css 83ms (cache miss)
104 silly fetch manifest ts-interface-checker@^0.1.9
105 http fetch GET 200 https://registry.npmjs.org/commander 90ms (cache miss)
106 http fetch GET 200 https://registry.npmjs.org/lines-and-columns 91ms (cache miss)
107 http fetch GET 200 https://registry.npmjs.org/mz 52ms (cache miss)
108 http fetch GET 200 https://registry.npmjs.org/yaml 117ms (cache miss)
109 http fetch GET 200 https://registry.npmjs.org/pirates 61ms (cache miss)
110 http fetch GET 200 https://registry.npmjs.org/readdirp 252ms (cache miss)
111 http fetch GET 200 https://registry.npmjs.org/ts-interface-checker 109ms (cache miss)
112 silly placeDep ROOT anymatch@3.1.3 OK for: chokidar@3.6.0 want: ~3.1.2
113 silly placeDep ROOT fsevents@2.3.3 OK for: chokidar@3.6.0 want: ~2.3.2
114 silly placeDep node_modules/chokidar glob-parent@5.1.2 OK for: chokidar@3.6.0 want: ~5.1.2
115 silly placeDep ROOT is-binary-path@2.1.0 OK for: chokidar@3.6.0 want: ~2.1.0
116 silly placeDep ROOT readdirp@3.6.0 OK for: chokidar@3.6.0 want: ~3.6.0
117 silly fetch manifest binary-extensions@^2.0.0
118 http fetch GET 200 https://registry.npmjs.org/binary-extensions 130ms (cache miss)
119 silly placeDep ROOT binary-extensions@2.3.0 OK for: is-binary-path@2.1.0 want: ^2.0.0
120 silly placeDep ROOT read-cache@1.0.0 OK for: postcss-import@15.1.0 want: ^1.0.0
121 silly fetch manifest pify@^2.3.0
122 http fetch GET 200 https://registry.npmjs.org/pify 64ms (cache miss)
123 silly placeDep ROOT camelcase-css@2.0.1 OK for: postcss-js@4.1.0 want: ^2.0.1
124 silly placeDep ROOT cssesc@3.0.0 OK for: postcss-selector-parser@6.1.2 want: ^3.0.0
125 silly placeDep ROOT util-deprecate@1.0.2 OK for: postcss-selector-parser@6.1.2 want: ^1.0.2
126 silly placeDep ROOT pify@2.3.0 OK for: read-cache@1.0.0 want: ^2.3.0
127 silly placeDep ROOT commander@4.1.1 OK for: sucrase@3.35.1 want: ^4.0.0
128 silly placeDep ROOT lines-and-columns@1.2.4 OK for: sucrase@3.35.1 want: ^1.1.6
129 silly placeDep ROOT mz@2.7.0 OK for: sucrase@3.35.1 want: ^2.7.0
130 silly placeDep ROOT pirates@4.0.7 OK for: sucrase@3.35.1 want: ^4.0.1
131 silly placeDep ROOT ts-interface-checker@0.1.13 OK for: sucrase@3.35.1 want: ^0.1.9
132 silly fetch manifest any-promise@^1.0.0
133 silly fetch manifest thenify-all@^1.0.0
134 http fetch GET 200 https://registry.npmjs.org/any-promise 113ms (cache miss)
135 http fetch GET 200 https://registry.npmjs.org/thenify-all 114ms (cache miss)
136 silly placeDep ROOT any-promise@1.3.0 OK for: mz@2.7.0 want: ^1.0.0
137 silly placeDep ROOT thenify-all@1.6.0 OK for: mz@2.7.0 want: ^1.0.0
138 silly fetch manifest thenify@>= 3.1.0 < 4
139 http fetch GET 200 https://registry.npmjs.org/thenify 65ms (cache miss)
140 silly placeDep ROOT thenify@3.3.1 OK for: thenify-all@1.6.0 want: >= 3.1.0 < 4
141 silly placeDep node_modules/tailwindcss/node_modules/fast-glob glob-parent@5.1.2 OK for: fast-glob@3.3.3 want: ^5.1.2
142 silly placeDep ROOT yaml@2.8.1 OK for: postcss-load-config@4.0.2 want: ^2.3.4
143 warn EBADENGINE Unsupported engine {
143 warn EBADENGINE   package: 'cheerio@1.1.2',
143 warn EBADENGINE   required: { node: '>=20.18.1' },
143 warn EBADENGINE   current: { node: 'v20.15.1', npm: '10.7.0' }
143 warn EBADENGINE }
144 warn EBADENGINE Unsupported engine {
144 warn EBADENGINE   package: 'undici@7.16.0',
144 warn EBADENGINE   required: { node: '>=20.18.1' },
144 warn EBADENGINE   current: { node: 'v20.15.1', npm: '10.7.0' }
144 warn EBADENGINE }
145 silly reify mark retired [
145 silly reify   '/Users/jeffreyliknes/Documents/Projects/AI Visibility Toolkit/node_modules/tailwindcss'
145 silly reify ]
146 silly reify moves {
146 silly reify   '/Users/jeffreyliknes/Documents/Projects/AI Visibility Toolkit/node_modules/tailwindcss': '/Users/jeffreyliknes/Documents/Projects/AI Visibility Toolkit/node_modules/.tailwindcss-1xU9I4fX'
146 silly reify }
147 silly audit bulk request {
147 silly audit   '@babel/code-frame': [ '7.27.1' ],
147 silly audit   '@babel/compat-data': [ '7.28.5' ],
147 silly audit   '@babel/core': [ '7.28.5' ],
147 silly audit   semver: [ '6.3.1', '7.7.3' ],
147 silly audit   '@babel/generator': [ '7.28.5' ],
147 silly audit   '@babel/helper-compilation-targets': [ '7.27.2' ],
147 silly audit   '@babel/helper-globals': [ '7.28.0' ],
147 silly audit   '@babel/helper-module-imports': [ '7.27.1' ],
147 silly audit   '@babel/helper-module-transforms': [ '7.28.3' ],
147 silly audit   '@babel/helper-string-parser': [ '7.27.1' ],
147 silly audit   '@babel/helper-validator-identifier': [ '7.28.5' ],
147 silly audit   '@babel/helper-validator-option': [ '7.27.1' ],
147 silly audit   '@babel/helpers': [ '7.28.4' ],
147 silly audit   '@babel/parser': [ '7.28.5' ],
147 silly audit   '@babel/template': [ '7.27.2' ],
147 silly audit   '@babel/traverse': [ '7.28.5' ],
147 silly audit   '@babel/types': [ '7.28.5' ],
147 silly audit   '@emnapi/core': [ '1.7.1' ],
147 silly audit   '@emnapi/runtime': [ '1.7.1' ],
147 silly audit   '@emnapi/wasi-threads': [ '1.1.0' ],
147 silly audit   '@eslint-community/eslint-utils': [ '4.9.0' ],
147 silly audit   'eslint-visitor-keys': [ '3.4.3', '4.2.1' ],
147 silly audit   '@eslint-community/regexpp': [ '4.12.2' ],
147 silly audit   '@eslint/config-array': [ '0.21.1' ],
147 silly audit   '@eslint/config-helpers': [ '0.4.2' ],
147 silly audit   '@eslint/core': [ '0.17.0' ],
147 silly audit   '@eslint/eslintrc': [ '3.3.1' ],
147 silly audit   '@eslint/js': [ '9.39.1' ],
147 silly audit   '@eslint/object-schema': [ '2.1.7' ],
147 silly audit   '@eslint/plugin-kit': [ '0.4.1' ],
147 silly audit   '@humanfs/core': [ '0.19.1' ],
147 silly audit   '@humanfs/node': [ '0.16.7' ],
147 silly audit   '@humanwhocodes/module-importer': [ '1.0.1' ],
147 silly audit   '@humanwhocodes/retry': [ '0.4.3' ],
147 silly audit   '@img/colour': [ '1.0.0' ],
147 silly audit   '@img/sharp-darwin-arm64': [ '0.34.5' ],
147 silly audit   '@img/sharp-darwin-x64': [ '0.34.5' ],
147 silly audit   '@img/sharp-libvips-darwin-arm64': [ '1.2.4' ],
147 silly audit   '@img/sharp-libvips-darwin-x64': [ '1.2.4' ],
147 silly audit   '@img/sharp-libvips-linux-arm': [ '1.2.4' ],
147 silly audit   '@img/sharp-libvips-linux-arm64': [ '1.2.4' ],
147 silly audit   '@img/sharp-libvips-linux-ppc64': [ '1.2.4' ],
147 silly audit   '@img/sharp-libvips-linux-riscv64': [ '1.2.4' ],
147 silly audit   '@img/sharp-libvips-linux-s390x': [ '1.2.4' ],
147 silly audit   '@img/sharp-libvips-linux-x64': [ '1.2.4' ],
147 silly audit   '@img/sharp-libvips-linuxmusl-arm64': [ '1.2.4' ],
147 silly audit   '@img/sharp-libvips-linuxmusl-x64': [ '1.2.4' ],
147 silly audit   '@img/sharp-linux-arm': [ '0.34.5' ],
147 silly audit   '@img/sharp-linux-arm64': [ '0.34.5' ],
147 silly audit   '@img/sharp-linux-ppc64': [ '0.34.5' ],
147 silly audit   '@img/sharp-linux-riscv64': [ '0.34.5' ],
147 silly audit   '@img/sharp-linux-s390x': [ '0.34.5' ],
147 silly audit   '@img/sharp-linux-x64': [ '0.34.5' ],
147 silly audit   '@img/sharp-linuxmusl-arm64': [ '0.34.5' ],
147 silly audit   '@img/sharp-linuxmusl-x64': [ '0.34.5' ],
147 silly audit   '@img/sharp-wasm32': [ '0.34.5' ],
147 silly audit   '@img/sharp-win32-arm64': [ '0.34.5' ],
147 silly audit   '@img/sharp-win32-ia32': [ '0.34.5' ],
147 silly audit   '@img/sharp-win32-x64': [ '0.34.5' ],
147 silly audit   '@jridgewell/gen-mapping': [ '0.3.13' ],
147 silly audit   '@jridgewell/remapping': [ '2.3.5' ],
147 silly audit   '@jridgewell/resolve-uri': [ '3.1.2' ],
147 silly audit   '@jridgewell/sourcemap-codec': [ '1.5.5' ],
147 silly audit   '@jridgewell/trace-mapping': [ '0.3.31' ],
147 silly audit   '@napi-rs/wasm-runtime': [ '0.2.12' ],
147 silly audit   '@next/env': [ '16.0.3' ],
147 silly audit   '@next/eslint-plugin-next': [ '16.0.3' ],
147 silly audit   '@next/swc-darwin-arm64': [ '16.0.3' ],
147 silly audit   '@next/swc-darwin-x64': [ '16.0.3' ],
147 silly audit   '@next/swc-linux-arm64-gnu': [ '16.0.3' ],
147 silly audit   '@next/swc-linux-arm64-musl': [ '16.0.3' ],
147 silly audit   '@next/swc-linux-x64-gnu': [ '16.0.3' ],
147 silly audit   '@next/swc-linux-x64-musl': [ '16.0.3' ],
147 silly audit   '@next/swc-win32-arm64-msvc': [ '16.0.3' ],
147 silly audit   '@next/swc-win32-x64-msvc': [ '16.0.3' ],
147 silly audit   '@nodelib/fs.scandir': [ '2.1.5' ],
147 silly audit   '@nodelib/fs.stat': [ '2.0.5' ],
147 silly audit   '@nodelib/fs.walk': [ '1.2.8' ],
147 silly audit   '@nolyfill/is-core-module': [ '1.0.39' ],
147 silly audit   '@radix-ui/primitive': [ '1.1.3' ],
147 silly audit   '@radix-ui/react-accordion': [ '1.2.12' ],
147 silly audit   '@radix-ui/react-collapsible': [ '1.1.12' ],
147 silly audit   '@radix-ui/react-collection': [ '1.1.7' ],
147 silly audit   '@radix-ui/react-slot': [ '1.2.3', '1.2.4' ],
147 silly audit   '@radix-ui/react-compose-refs': [ '1.1.2' ],
147 silly audit   '@radix-ui/react-context': [ '1.1.2', '1.1.3' ],
147 silly audit   '@radix-ui/react-direction': [ '1.1.1' ],
147 silly audit   '@radix-ui/react-id': [ '1.1.1' ],
147 silly audit   '@radix-ui/react-label': [ '2.1.8' ],
147 silly audit   '@radix-ui/react-primitive': [ '2.1.4', '2.1.3' ],
147 silly audit   '@radix-ui/react-presence': [ '1.1.5' ],
147 silly audit   '@radix-ui/react-progress': [ '1.1.8' ],
147 silly audit   '@radix-ui/react-use-controllable-state': [ '1.2.2' ],
147 silly audit   '@radix-ui/react-use-effect-event': [ '0.0.2' ],
147 silly audit   '@radix-ui/react-use-layout-effect': [ '1.1.1' ],
147 silly audit   '@rtsao/scc': [ '1.1.0' ],
147 silly audit   '@swc/helpers': [ '0.5.15' ],
147 silly audit   '@tybys/wasm-util': [ '0.10.1' ],
147 silly audit   '@types/estree': [ '1.0.8' ],
147 silly audit   '@types/json-schema': [ '7.0.15' ],
147 silly audit   '@types/json5': [ '0.0.29' ],
147 silly audit   '@types/node': [ '24.10.1' ],
147 silly audit   '@types/react': [ '19.2.6' ],
147 silly audit   '@types/react-dom': [ '19.2.3' ],
147 silly audit   '@typescript-eslint/eslint-plugin': [ '8.47.0' ],
147 silly audit   ignore: [ '7.0.5', '5.3.2' ],
147 silly audit   '@typescript-eslint/parser': [ '8.47.0' ],
147 silly audit   '@typescript-eslint/project-service': [ '8.47.0' ],
147 silly audit   '@typescript-eslint/scope-manager': [ '8.47.0' ],
147 silly audit   '@typescript-eslint/tsconfig-utils': [ '8.47.0' ],
147 silly audit   '@typescript-eslint/type-utils': [ '8.47.0' ],
147 silly audit   '@typescript-eslint/types': [ '8.47.0' ],
147 silly audit   '@typescript-eslint/typescript-estree': [ '8.47.0' ],
147 silly audit   'brace-expansion': [ '2.0.2', '1.1.12' ],
147 silly audit   'fast-glob': [ '3.3.3', '3.3.1' ],
147 silly audit   'glob-parent': [ '5.1.2', '6.0.2' ],
147 silly audit   minimatch: [ '9.0.5', '3.1.2' ],
147 silly audit   '@typescript-eslint/utils': [ '8.47.0' ],
147 silly audit   '@typescript-eslint/visitor-keys': [ '8.47.0' ],
147 silly audit   '@unrs/resolver-binding-android-arm-eabi': [ '1.11.1' ],
147 silly audit   '@unrs/resolver-binding-android-arm64': [ '1.11.1' ],
147 silly audit   '@unrs/resolver-binding-darwin-arm64': [ '1.11.1' ],
147 silly audit   '@unrs/resolver-binding-darwin-x64': [ '1.11.1' ],
147 silly audit   '@unrs/resolver-binding-freebsd-x64': [ '1.11.1' ],
147 silly audit   '@unrs/resolver-binding-linux-arm-gnueabihf': [ '1.11.1' ],
147 silly audit   '@unrs/resolver-binding-linux-arm-musleabihf': [ '1.11.1' ],
147 silly audit   '@unrs/resolver-binding-linux-arm64-gnu': [ '1.11.1' ],
147 silly audit   '@unrs/resolver-binding-linux-arm64-musl': [ '1.11.1' ],
147 silly audit   '@unrs/resolver-binding-linux-ppc64-gnu': [ '1.11.1' ],
147 silly audit   '@unrs/resolver-binding-linux-riscv64-gnu': [ '1.11.1' ],
147 silly audit   '@unrs/resolver-binding-linux-riscv64-musl': [ '1.11.1' ],
147 silly audit   '@unrs/resolver-binding-linux-s390x-gnu': [ '1.11.1' ],
147 silly audit   '@unrs/resolver-binding-linux-x64-gnu': [ '1.11.1' ],
147 silly audit   '@unrs/resolver-binding-linux-x64-musl': [ '1.11.1' ],
147 silly audit   '@unrs/resolver-binding-wasm32-wasi': [ '1.11.1' ],
147 silly audit   '@unrs/resolver-binding-win32-arm64-msvc': [ '1.11.1' ],
147 silly audit   '@unrs/resolver-binding-win32-ia32-msvc': [ '1.11.1' ],
147 silly audit   '@unrs/resolver-binding-win32-x64-msvc': [ '1.11.1' ],
147 silly audit   acorn: [ '8.15.0' ],
147 silly audit   'acorn-jsx': [ '5.3.2' ],
147 silly audit   ajv: [ '6.12.6' ],
147 silly audit   'ansi-styles': [ '4.3.0' ],
147 silly audit   argparse: [ '2.0.1' ],
147 silly audit   'aria-query': [ '5.3.2' ],
147 silly audit   'array-buffer-byte-length': [ '1.0.2' ],
147 silly audit   'array-includes': [ '3.1.9' ],
147 silly audit   'array.prototype.findlast': [ '1.2.5' ],
147 silly audit   'array.prototype.findlastindex': [ '1.2.6' ],
147 silly audit   'array.prototype.flat': [ '1.3.3' ],
147 silly audit   'array.prototype.flatmap': [ '1.3.3' ],
147 silly audit   'array.prototype.tosorted': [ '1.1.4' ],
147 silly audit   'arraybuffer.prototype.slice': [ '1.0.4' ],
147 silly audit   'ast-types-flow': [ '0.0.8' ],
147 silly audit   'async-function': [ '1.0.0' ],
147 silly audit   autoprefixer: [ '10.4.22' ],
147 silly audit   'available-typed-arrays': [ '1.0.7' ],
147 silly audit   'axe-core': [ '4.11.0' ],
147 silly audit   'axobject-query': [ '4.1.0' ],
147 silly audit   'balanced-match': [ '1.0.2' ],
147 silly audit   'baseline-browser-mapping': [ '2.8.30' ],
147 silly audit   boolbase: [ '1.0.0' ],
147 silly audit   braces: [ '3.0.3' ],
147 silly audit   browserslist: [ '4.28.0' ],
147 silly audit   'call-bind': [ '1.0.8' ],
147 silly audit   'call-bind-apply-helpers': [ '1.0.2' ],
147 silly audit   'call-bound': [ '1.0.4' ],
147 silly audit   callsites: [ '3.1.0' ],
147 silly audit   'caniuse-lite': [ '1.0.30001756' ],
147 silly audit   chalk: [ '4.1.2' ],
147 silly audit   cheerio: [ '1.1.2' ],
147 silly audit   'cheerio-select': [ '2.1.0' ],
147 silly audit   'class-variance-authority': [ '0.7.1' ],
147 silly audit   'client-only': [ '0.0.1' ],
147 silly audit   clsx: [ '2.1.1' ],
147 silly audit   'color-convert': [ '2.0.1' ],
147 silly audit   'color-name': [ '1.1.4' ],
147 silly audit   'concat-map': [ '0.0.1' ],
147 silly audit   'convert-source-map': [ '2.0.0' ],
147 silly audit   'cross-spawn': [ '7.0.6' ],
147 silly audit   'css-select': [ '5.2.2' ],
147 silly audit   'css-what': [ '6.2.2' ],
147 silly audit   csstype: [ '3.2.3' ],
147 silly audit   'damerau-levenshtein': [ '1.0.8' ],
147 silly audit   'data-view-buffer': [ '1.0.2' ],
147 silly audit   'data-view-byte-length': [ '1.0.2' ],
147 silly audit   'data-view-byte-offset': [ '1.0.1' ],
147 silly audit   debug: [ '4.4.3', '3.2.7' ],
147 silly audit   'deep-is': [ '0.1.4' ],
147 silly audit   'define-data-property': [ '1.1.4' ],
147 silly audit   'define-properties': [ '1.2.1' ],
147 silly audit   'detect-libc': [ '2.1.2' ],
147 silly audit   doctrine: [ '2.1.0' ],
147 silly audit   'dom-serializer': [ '2.0.0' ],
147 silly audit   domelementtype: [ '2.3.0' ],
147 silly audit   domhandler: [ '5.0.3' ],
147 silly audit   domutils: [ '3.2.2' ],
147 silly audit   'dunder-proto': [ '1.0.1' ],
147 silly audit   'electron-to-chromium': [ '1.5.259' ],
147 silly audit   'emoji-regex': [ '9.2.2' ],
147 silly audit   'encoding-sniffer': [ '0.2.1' ],
147 silly audit   entities: [ '4.5.0', '6.0.1' ],
147 silly audit   'es-abstract': [ '1.24.0' ],
147 silly audit   'es-define-property': [ '1.0.1' ],
147 silly audit   'es-errors': [ '1.3.0' ],
147 silly audit   'es-iterator-helpers': [ '1.2.1' ],
147 silly audit   'es-object-atoms': [ '1.1.1' ],
147 silly audit   'es-set-tostringtag': [ '2.1.0' ],
147 silly audit   'es-shim-unscopables': [ '1.1.0' ],
147 silly audit   'es-to-primitive': [ '1.3.0' ],
147 silly audit   escalade: [ '3.2.0' ],
147 silly audit   'escape-string-regexp': [ '4.0.0' ],
147 silly audit   eslint: [ '9.39.1' ],
147 silly audit   'eslint-config-next': [ '16.0.3' ],
147 silly audit   globals: [ '16.4.0', '14.0.0' ],
147 silly audit   'eslint-import-resolver-node': [ '0.3.9' ],
147 silly audit   'eslint-import-resolver-typescript': [ '3.10.1' ],
147 silly audit   'eslint-module-utils': [ '2.12.1' ],
147 silly audit   'eslint-plugin-import': [ '2.32.0' ],
147 silly audit   'eslint-plugin-jsx-a11y': [ '6.10.2' ],
147 silly audit   'eslint-plugin-react': [ '7.37.5' ],
147 silly audit   'eslint-plugin-react-hooks': [ '7.0.1' ],
147 silly audit   resolve: [ '2.0.0-next.5', '1.22.11' ],
147 silly audit   'eslint-scope': [ '8.4.0' ],
147 silly audit   espree: [ '10.4.0' ],
147 silly audit   esquery: [ '1.6.0' ],
147 silly audit   esrecurse: [ '4.3.0' ],
147 silly audit   estraverse: [ '5.3.0' ],
147 silly audit   esutils: [ '2.0.3' ],
147 silly audit   'fast-deep-equal': [ '3.1.3' ],
147 silly audit   'fast-json-stable-stringify': [ '2.1.0' ],
147 silly audit   'fast-levenshtein': [ '2.0.6' ],
147 silly audit   fastq: [ '1.19.1' ],
147 silly audit   'file-entry-cache': [ '8.0.0' ],
147 silly audit   'fill-range': [ '7.1.1' ],
147 silly audit   'find-up': [ '5.0.0' ],
147 silly audit   'flat-cache': [ '4.0.1' ],
147 silly audit   flatted: [ '3.3.3' ],
147 silly audit   'for-each': [ '0.3.5' ],
147 silly audit   'fraction.js': [ '5.3.4' ],
147 silly audit   'framer-motion': [ '12.23.24' ],
147 silly audit   'function-bind': [ '1.1.2' ],
147 silly audit   'function.prototype.name': [ '1.1.8' ],
147 silly audit   'functions-have-names': [ '1.2.3' ],
147 silly audit   'generator-function': [ '2.0.1' ],
147 silly audit   gensync: [ '1.0.0-beta.2' ],
147 silly audit   'get-intrinsic': [ '1.3.0' ],
147 silly audit   'get-proto': [ '1.0.1' ],
147 silly audit   'get-symbol-description': [ '1.1.0' ],
147 silly audit   'get-tsconfig': [ '4.13.0' ],
147 silly audit   globalthis: [ '1.0.4' ],
147 silly audit   gopd: [ '1.2.0' ],
147 silly audit   graphemer: [ '1.4.0' ],
147 silly audit   'has-bigints': [ '1.1.0' ],
147 silly audit   'has-flag': [ '4.0.0' ],
147 silly audit   'has-property-descriptors': [ '1.0.2' ],
147 silly audit   'has-proto': [ '1.2.0' ],
147 silly audit   'has-symbols': [ '1.1.0' ],
147 silly audit   'has-tostringtag': [ '1.0.2' ],
147 silly audit   hasown: [ '2.0.2' ],
147 silly audit   'hermes-estree': [ '0.25.1' ],
147 silly audit   'hermes-parser': [ '0.25.1' ],
147 silly audit   htmlparser2: [ '10.0.0' ],
147 silly audit   'iconv-lite': [ '0.6.3' ],
147 silly audit   'import-fresh': [ '3.3.1' ],
147 silly audit   imurmurhash: [ '0.1.4' ],
147 silly audit   'internal-slot': [ '1.1.0' ],
147 silly audit   'is-array-buffer': [ '3.0.5' ],
147 silly audit   'is-async-function': [ '2.1.1' ],
147 silly audit   'is-bigint': [ '1.1.0' ],
147 silly audit   'is-boolean-object': [ '1.2.2' ],
147 silly audit   'is-bun-module': [ '2.0.0' ],
147 silly audit   'is-callable': [ '1.2.7' ],
147 silly audit   'is-core-module': [ '2.16.1' ],
147 silly audit   'is-data-view': [ '1.0.2' ],
147 silly audit   'is-date-object': [ '1.1.0' ],
147 silly audit   'is-extglob': [ '2.1.1' ],
147 silly audit   'is-finalizationregistry': [ '1.1.1' ],
147 silly audit   'is-generator-function': [ '1.1.2' ],
147 silly audit   'is-glob': [ '4.0.3' ],
147 silly audit   'is-map': [ '2.0.3' ],
147 silly audit   'is-negative-zero': [ '2.0.3' ],
147 silly audit   'is-number': [ '7.0.0' ],
147 silly audit   'is-number-object': [ '1.1.1' ],
147 silly audit   'is-regex': [ '1.2.1' ],
147 silly audit   'is-set': [ '2.0.3' ],
147 silly audit   'is-shared-array-buffer': [ '1.0.4' ],
147 silly audit   'is-string': [ '1.1.1' ],
147 silly audit   'is-symbol': [ '1.1.1' ],
147 silly audit   'is-typed-array': [ '1.1.15' ],
147 silly audit   'is-weakmap': [ '2.0.2' ],
147 silly audit   'is-weakref': [ '1.1.1' ],
147 silly audit   'is-weakset': [ '2.0.4' ],
147 silly audit   isarray: [ '2.0.5' ],
147 silly audit   isexe: [ '2.0.0' ],
147 silly audit   'iterator.prototype': [ '1.1.5' ],
147 silly audit   'js-tokens': [ '4.0.0' ],
147 silly audit   'js-yaml': [ '4.1.1' ],
147 silly audit   jsesc: [ '3.1.0' ],
147 silly audit   'json-buffer': [ '3.0.1' ],
147 silly audit   'json-schema-traverse': [ '0.4.1' ],
147 silly audit   'json-stable-stringify-without-jsonify': [ '1.0.1' ],
147 silly audit   json5: [ '2.2.3', '1.0.2' ],
147 silly audit   'jsx-ast-utils': [ '3.3.5' ],
147 silly audit   keyv: [ '4.5.4' ],
147 silly audit   'language-subtag-registry': [ '0.3.23' ],
147 silly audit   'language-tags': [ '1.0.9' ],
147 silly audit   levn: [ '0.4.1' ],
147 silly audit   'locate-path': [ '6.0.0' ],
147 silly audit   'lodash.merge': [ '4.6.2' ],
147 silly audit   'loose-envify': [ '1.4.0' ],
147 silly audit   'lru-cache': [ '5.1.1' ],
147 silly audit   'lucide-react': [ '0.554.0' ],
147 silly audit   'math-intrinsics': [ '1.1.0' ],
147 silly audit   merge2: [ '1.4.1' ],
147 silly audit   micromatch: [ '4.0.8' ],
147 silly audit   minimist: [ '1.2.8' ],
147 silly audit   'motion-dom': [ '12.23.23' ],
147 silly audit   'motion-utils': [ '12.23.6' ],
147 silly audit   ms: [ '2.1.3' ],
147 silly audit   nanoid: [ '3.3.11' ],
147 silly audit   'napi-postinstall': [ '0.3.4' ],
147 silly audit   'natural-compare': [ '1.4.0' ],
147 silly audit   next: [ '16.0.3' ],
147 silly audit   postcss: [ '8.4.31', '8.5.6' ],
147 silly audit   'node-releases': [ '2.0.27' ],
147 silly audit   'normalize-range': [ '0.1.2' ],
147 silly audit   'nth-check': [ '2.1.1' ],
147 silly audit   'object-assign': [ '4.1.1' ],
147 silly audit   'object-inspect': [ '1.13.4' ],
147 silly audit   'object-keys': [ '1.1.1' ],
147 silly audit   'object.assign': [ '4.1.7' ],
147 silly audit   'object.entries': [ '1.1.9' ],
147 silly audit   'object.fromentries': [ '2.0.8' ],
147 silly audit   'object.groupby': [ '1.0.3' ],
147 silly audit   'object.values': [ '1.2.1' ],
147 silly audit   optionator: [ '0.9.4' ],
147 silly audit   'own-keys': [ '1.0.1' ],
147 silly audit   'p-limit': [ '3.1.0' ],
147 silly audit   'p-locate': [ '5.0.0' ],
147 silly audit   'parent-module': [ '1.0.1' ],
147 silly audit   parse5: [ '7.3.0' ],
147 silly audit   'parse5-htmlparser2-tree-adapter': [ '7.1.0' ],
147 silly audit   'parse5-parser-stream': [ '7.1.2' ],
147 silly audit   'path-exists': [ '4.0.0' ],
147 silly audit   'path-key': [ '3.1.1' ],
147 silly audit   'path-parse': [ '1.0.7' ],
147 silly audit   picocolors: [ '1.1.1' ],
147 silly audit   picomatch: [ '2.3.1', '4.0.3' ],
147 silly audit   'possible-typed-array-names': [ '1.1.0' ],
147 silly audit   'postcss-value-parser': [ '4.2.0' ],
147 silly audit   'prelude-ls': [ '1.2.1' ],
147 silly audit   'prop-types': [ '15.8.1' ],
147 silly audit   punycode: [ '2.3.1' ],
147 silly audit   'queue-microtask': [ '1.2.3' ],
147 silly audit   react: [ '19.2.0' ],
147 silly audit   'react-dom': [ '19.2.0' ],
147 silly audit   'react-is': [ '16.13.1' ],
147 silly audit   'reflect.getprototypeof': [ '1.0.10' ],
147 silly audit   'regexp.prototype.flags': [ '1.5.4' ],
147 silly audit   'resolve-from': [ '4.0.0' ],
147 silly audit   'resolve-pkg-maps': [ '1.0.0' ],
147 silly audit   reusify: [ '1.1.0' ],
147 silly audit   'run-parallel': [ '1.2.0' ],
147 silly audit   'safe-array-concat': [ '1.1.3' ],
147 silly audit   'safe-push-apply': [ '1.0.0' ],
147 silly audit   'safe-regex-test': [ '1.1.0' ],
147 silly audit   'safer-buffer': [ '2.1.2' ],
147 silly audit   scheduler: [ '0.27.0' ],
147 silly audit   'set-function-length': [ '1.2.2' ],
147 silly audit   'set-function-name': [ '2.0.2' ],
147 silly audit   'set-proto': [ '1.0.0' ],
147 silly audit   sharp: [ '0.34.5' ],
147 silly audit   'shebang-command': [ '2.0.0' ],
147 silly audit   'shebang-regex': [ '3.0.0' ],
147 silly audit   'side-channel': [ '1.1.0' ],
147 silly audit   'side-channel-list': [ '1.0.0' ],
147 silly audit   'side-channel-map': [ '1.0.1' ],
147 silly audit   'side-channel-weakmap': [ '1.0.2' ],
147 silly audit   'source-map-js': [ '1.2.1' ],
147 silly audit   'stable-hash': [ '0.0.5' ],
147 silly audit   'stop-iteration-iterator': [ '1.1.0' ],
147 silly audit   'string.prototype.includes': [ '2.0.1' ],
147 silly audit   'string.prototype.matchall': [ '4.0.12' ],
147 silly audit   'string.prototype.repeat': [ '1.0.0' ],
147 silly audit   'string.prototype.trim': [ '1.2.10' ],
147 silly audit   'string.prototype.trimend': [ '1.0.9' ],
147 silly audit   'string.prototype.trimstart': [ '1.0.8' ],
147 silly audit   'strip-bom': [ '3.0.0' ],
147 silly audit   'strip-json-comments': [ '3.1.1' ],
147 silly audit   'styled-jsx': [ '5.1.6' ],
147 silly audit   'supports-color': [ '7.2.0' ],
147 silly audit   'supports-preserve-symlinks-flag': [ '1.0.0' ],
147 silly audit   'tailwind-merge': [ '3.4.0' ],
147 silly audit   tinyglobby: [ '0.2.15' ],
147 silly audit   fdir: [ '6.5.0' ],
147 silly audit   'to-regex-range': [ '5.0.1' ],
147 silly audit   'ts-api-utils': [ '2.1.0' ],
147 silly audit   'tsconfig-paths': [ '3.15.0' ],
147 silly audit   tslib: [ '2.8.1' ],
147 silly audit   'type-check': [ '0.4.0' ],
147 silly audit   'typed-array-buffer': [ '1.0.3' ],
147 silly audit   'typed-array-byte-length': [ '1.0.3' ],
147 silly audit   'typed-array-byte-offset': [ '1.0.4' ],
147 silly audit   'typed-array-length': [ '1.0.7' ],
147 silly audit   typescript: [ '5.9.3' ],
147 silly audit   'typescript-eslint': [ '8.47.0' ],
147 silly audit   'unbox-primitive': [ '1.1.0' ],
147 silly audit   undici: [ '7.16.0' ],
147 silly audit   'undici-types': [ '7.16.0' ],
147 silly audit   'unrs-resolver': [ '1.11.1' ],
147 silly audit   'update-browserslist-db': [ '1.1.4' ],
147 silly audit   'uri-js': [ '4.4.1' ],
147 silly audit   'whatwg-encoding': [ '3.1.1' ],
147 silly audit   'whatwg-mimetype': [ '4.0.0' ],
147 silly audit   which: [ '2.0.2' ],
147 silly audit   'which-boxed-primitive': [ '1.1.1' ],
147 silly audit   'which-builtin-type': [ '1.2.1' ],
147 silly audit   'which-collection': [ '1.0.2' ],
147 silly audit   'which-typed-array': [ '1.1.19' ],
147 silly audit   'word-wrap': [ '1.2.5' ],
147 silly audit   yallist: [ '3.1.1' ],
147 silly audit   'yocto-queue': [ '0.1.0' ],
147 silly audit   zod: [ '4.1.12' ],
147 silly audit   'zod-validation-error': [ '4.0.2' ],
147 silly audit   tailwindcss: [ '3.4.17' ],
147 silly audit   '@alloc/quick-lru': [ '5.2.0' ],
147 silly audit   arg: [ '5.0.2' ],
147 silly audit   chokidar: [ '3.6.0' ],
147 silly audit   didyoumean: [ '1.2.2' ],
147 silly audit   dlv: [ '1.1.3' ],
147 silly audit   jiti: [ '1.21.7' ],
147 silly audit   lilconfig: [ '3.1.3' ],
147 silly audit   'normalize-path': [ '3.0.0' ],
147 silly audit   'object-hash': [ '3.0.0' ],
147 silly audit   'postcss-import': [ '15.1.0' ],
147 silly audit   'postcss-js': [ '4.1.0' ],
147 silly audit   'postcss-load-config': [ '4.0.2' ],
147 silly audit   'postcss-nested': [ '6.2.0' ],
147 silly audit   'postcss-selector-parser': [ '6.1.2' ],
147 silly audit   sucrase: [ '3.35.1' ],
147 silly audit   anymatch: [ '3.1.3' ],
147 silly audit   fsevents: [ '2.3.3' ],
147 silly audit   'is-binary-path': [ '2.1.0' ],
147 silly audit   readdirp: [ '3.6.0' ],
147 silly audit   'binary-extensions': [ '2.3.0' ],
147 silly audit   'read-cache': [ '1.0.0' ],
147 silly audit   'camelcase-css': [ '2.0.1' ],
147 silly audit   cssesc: [ '3.0.0' ],
147 silly audit   'util-deprecate': [ '1.0.2' ],
147 silly audit   pify: [ '2.3.0' ],
147 silly audit   commander: [ '4.1.1' ],
147 silly audit   'lines-and-columns': [ '1.2.4' ],
147 silly audit   mz: [ '2.7.0' ],
147 silly audit   pirates: [ '4.0.7' ],
147 silly audit   'ts-interface-checker': [ '0.1.13' ],
147 silly audit   'any-promise': [ '1.3.0' ],
147 silly audit   'thenify-all': [ '1.6.0' ],
147 silly audit   thenify: [ '3.3.1' ],
147 silly audit   yaml: [ '2.8.1' ]
147 silly audit }
148 verbose reify failed optional dependency /Users/jeffreyliknes/Documents/Projects/AI Visibility Toolkit/node_modules/@unrs/resolver-binding-win32-x64-msvc
149 silly reify mark deleted [
149 silly reify   '/Users/jeffreyliknes/Documents/Projects/AI Visibility Toolkit/node_modules/@unrs/resolver-binding-win32-x64-msvc'
149 silly reify ]
150 verbose reify failed optional dependency /Users/jeffreyliknes/Documents/Projects/AI Visibility Toolkit/node_modules/@unrs/resolver-binding-win32-ia32-msvc
151 silly reify mark deleted [
151 silly reify   '/Users/jeffreyliknes/Documents/Projects/AI Visibility Toolkit/node_modules/@unrs/resolver-binding-win32-ia32-msvc'
151 silly reify ]
152 verbose reify failed optional dependency /Users/jeffreyliknes/Documents/Projects/AI Visibility Toolkit/node_modules/@unrs/resolver-binding-win32-arm64-msvc
153 silly reify mark deleted [
153 silly reify   '/Users/jeffreyliknes/Documents/Projects/AI Visibility Toolkit/node_modules/@unrs/resolver-binding-win32-arm64-msvc'
153 silly reify ]
154 verbose reify failed optional dependency /Users/jeffreyliknes/Documents/Projects/AI Visibility Toolkit/node_modules/@unrs/resolver-binding-wasm32-wasi
155 silly reify mark deleted [
155 silly reify   '/Users/jeffreyliknes/Documents/Projects/AI Visibility Toolkit/node_modules/@unrs/resolver-binding-wasm32-wasi'
155 silly reify ]
156 verbose reify failed optional dependency /Users/jeffreyliknes/Documents/Projects/AI Visibility Toolkit/node_modules/@napi-rs/wasm-runtime
157 silly reify mark deleted [
157 silly reify   '/Users/jeffreyliknes/Documents/Projects/AI Visibility Toolkit/node_modules/@napi-rs/wasm-runtime'
157 silly reify ]
158 verbose reify failed optional dependency /Users/jeffreyliknes/Documents/Projects/AI Visibility Toolkit/node_modules/@emnapi/core
159 silly reify mark deleted [
159 silly reify   '/Users/jeffreyliknes/Documents/Projects/AI Visibility Toolkit/node_modules/@emnapi/core'
159 silly reify ]
160 verbose reify failed optional dependency /Users/jeffreyliknes/Documents/Projects/AI Visibility Toolkit/node_modules/@tybys/wasm-util
161 silly reify mark deleted [
161 silly reify   '/Users/jeffreyliknes/Documents/Projects/AI Visibility Toolkit/node_modules/@tybys/wasm-util'
161 silly reify ]
162 verbose reify failed optional dependency /Users/jeffreyliknes/Documents/Projects/AI Visibility Toolkit/node_modules/@emnapi/wasi-threads
163 silly reify mark deleted [
163 silly reify   '/Users/jeffreyliknes/Documents/Projects/AI Visibility Toolkit/node_modules/@emnapi/wasi-threads'
163 silly reify ]
164 verbose reify failed optional dependency /Users/jeffreyliknes/Documents/Projects/AI Visibility Toolkit/node_modules/@unrs/resolver-binding-linux-x64-musl
165 silly reify mark deleted [
165 silly reify   '/Users/jeffreyliknes/Documents/Projects/AI Visibility Toolkit/node_modules/@unrs/resolver-binding-linux-x64-musl'
165 silly reify ]
166 verbose reify failed optional dependency /Users/jeffreyliknes/Documents/Projects/AI Visibility Toolkit/node_modules/@unrs/resolver-binding-linux-x64-gnu
167 silly reify mark deleted [
167 silly reify   '/Users/jeffreyliknes/Documents/Projects/AI Visibility Toolkit/node_modules/@unrs/resolver-binding-linux-x64-gnu'
167 silly reify ]
168 verbose reify failed optional dependency /Users/jeffreyliknes/Documents/Projects/AI Visibility Toolkit/node_modules/@unrs/resolver-binding-linux-s390x-gnu
169 silly reify mark deleted [
169 silly reify   '/Users/jeffreyliknes/Documents/Projects/AI Visibility Toolkit/node_modules/@unrs/resolver-binding-linux-s390x-gnu'
169 silly reify ]
170 verbose reify failed optional dependency /Users/jeffreyliknes/Documents/Projects/AI Visibility Toolkit/node_modules/@unrs/resolver-binding-linux-riscv64-musl
171 silly reify mark deleted [
171 silly reify   '/Users/jeffreyliknes/Documents/Projects/AI Visibility Toolkit/node_modules/@unrs/resolver-binding-linux-riscv64-musl'
171 silly reify ]
172 verbose reify failed optional dependency /Users/jeffreyliknes/Documents/Projects/AI Visibility Toolkit/node_modules/@unrs/resolver-binding-linux-riscv64-gnu
173 silly reify mark deleted [
173 silly reify   '/Users/jeffreyliknes/Documents/Projects/AI Visibility Toolkit/node_modules/@unrs/resolver-binding-linux-riscv64-gnu'
173 silly reify ]
174 verbose reify failed optional dependency /Users/jeffreyliknes/Documents/Projects/AI Visibility Toolkit/node_modules/@unrs/resolver-binding-linux-ppc64-gnu
175 silly reify mark deleted [
175 silly reify   '/Users/jeffreyliknes/Documents/Projects/AI Visibility Toolkit/node_modules/@unrs/resolver-binding-linux-ppc64-gnu'
175 silly reify ]
176 verbose reify failed optional dependency /Users/jeffreyliknes/Documents/Projects/AI Visibility Toolkit/node_modules/@unrs/resolver-binding-linux-arm64-musl
177 silly reify mark deleted [
177 silly reify   '/Users/jeffreyliknes/Documents/Projects/AI Visibility Toolkit/node_modules/@unrs/resolver-binding-linux-arm64-musl'
177 silly reify ]
178 verbose reify failed optional dependency /Users/jeffreyliknes/Documents/Projects/AI Visibility Toolkit/node_modules/@unrs/resolver-binding-linux-arm64-gnu
179 silly reify mark deleted [
179 silly reify   '/Users/jeffreyliknes/Documents/Projects/AI Visibility Toolkit/node_modules/@unrs/resolver-binding-linux-arm64-gnu'
179 silly reify ]
180 verbose reify failed optional dependency /Users/jeffreyliknes/Documents/Projects/AI Visibility Toolkit/node_modules/@unrs/resolver-binding-linux-arm-musleabihf
181 silly reify mark deleted [
181 silly reify   '/Users/jeffreyliknes/Documents/Projects/AI Visibility Toolkit/node_modules/@unrs/resolver-binding-linux-arm-musleabihf'
181 silly reify ]
182 verbose reify failed optional dependency /Users/jeffreyliknes/Documents/Projects/AI Visibility Toolkit/node_modules/@unrs/resolver-binding-linux-arm-gnueabihf
183 silly reify mark deleted [
183 silly reify   '/Users/jeffreyliknes/Documents/Projects/AI Visibility Toolkit/node_modules/@unrs/resolver-binding-linux-arm-gnueabihf'
183 silly reify ]
184 verbose reify failed optional dependency /Users/jeffreyliknes/Documents/Projects/AI Visibility Toolkit/node_modules/@unrs/resolver-binding-freebsd-x64
185 silly reify mark deleted [
185 silly reify   '/Users/jeffreyliknes/Documents/Projects/AI Visibility Toolkit/node_modules/@unrs/resolver-binding-freebsd-x64'
185 silly reify ]
186 verbose reify failed optional dependency /Users/jeffreyliknes/Documents/Projects/AI Visibility Toolkit/node_modules/@unrs/resolver-binding-darwin-x64
187 silly reify mark deleted [
187 silly reify   '/Users/jeffreyliknes/Documents/Projects/AI Visibility Toolkit/node_modules/@unrs/resolver-binding-darwin-x64'
187 silly reify ]
188 verbose reify failed optional dependency /Users/jeffreyliknes/Documents/Projects/AI Visibility Toolkit/node_modules/@unrs/resolver-binding-android-arm64
189 silly reify mark deleted [
189 silly reify   '/Users/jeffreyliknes/Documents/Projects/AI Visibility Toolkit/node_modules/@unrs/resolver-binding-android-arm64'
189 silly reify ]
190 verbose reify failed optional dependency /Users/jeffreyliknes/Documents/Projects/AI Visibility Toolkit/node_modules/@unrs/resolver-binding-android-arm-eabi
191 silly reify mark deleted [
191 silly reify   '/Users/jeffreyliknes/Documents/Projects/AI Visibility Toolkit/node_modules/@unrs/resolver-binding-android-arm-eabi'
191 silly reify ]
192 verbose reify failed optional dependency /Users/jeffreyliknes/Documents/Projects/AI Visibility Toolkit/node_modules/@next/swc-win32-x64-msvc
193 silly reify mark deleted [
193 silly reify   '/Users/jeffreyliknes/Documents/Projects/AI Visibility Toolkit/node_modules/@next/swc-win32-x64-msvc'
193 silly reify ]
194 verbose reify failed optional dependency /Users/jeffreyliknes/Documents/Projects/AI Visibility Toolkit/node_modules/@next/swc-win32-arm64-msvc
195 silly reify mark deleted [
195 silly reify   '/Users/jeffreyliknes/Documents/Projects/AI Visibility Toolkit/node_modules/@next/swc-win32-arm64-msvc'
195 silly reify ]
196 verbose reify failed optional dependency /Users/jeffreyliknes/Documents/Projects/AI Visibility Toolkit/node_modules/@next/swc-linux-x64-musl
197 silly reify mark deleted [
197 silly reify   '/Users/jeffreyliknes/Documents/Projects/AI Visibility Toolkit/node_modules/@next/swc-linux-x64-musl'
197 silly reify ]
198 verbose reify failed optional dependency /Users/jeffreyliknes/Documents/Projects/AI Visibility Toolkit/node_modules/@next/swc-linux-x64-gnu
199 silly reify mark deleted [
199 silly reify   '/Users/jeffreyliknes/Documents/Projects/AI Visibility Toolkit/node_modules/@next/swc-linux-x64-gnu'
199 silly reify ]
200 verbose reify failed optional dependency /Users/jeffreyliknes/Documents/Projects/AI Visibility Toolkit/node_modules/@next/swc-linux-arm64-musl
201 silly reify mark deleted [
201 silly reify   '/Users/jeffreyliknes/Documents/Projects/AI Visibility Toolkit/node_modules/@next/swc-linux-arm64-musl'
201 silly reify ]
202 verbose reify failed optional dependency /Users/jeffreyliknes/Documents/Projects/AI Visibility Toolkit/node_modules/@next/swc-linux-arm64-gnu
203 silly reify mark deleted [
203 silly reify   '/Users/jeffreyliknes/Documents/Projects/AI Visibility Toolkit/node_modules/@next/swc-linux-arm64-gnu'
203 silly reify ]
204 verbose reify failed optional dependency /Users/jeffreyliknes/Documents/Projects/AI Visibility Toolkit/node_modules/@next/swc-darwin-x64
205 silly reify mark deleted [
205 silly reify   '/Users/jeffreyliknes/Documents/Projects/AI Visibility Toolkit/node_modules/@next/swc-darwin-x64'
205 silly reify ]
206 verbose reify failed optional dependency /Users/jeffreyliknes/Documents/Projects/AI Visibility Toolkit/node_modules/@img/sharp-win32-x64
207 silly reify mark deleted [
207 silly reify   '/Users/jeffreyliknes/Documents/Projects/AI Visibility Toolkit/node_modules/@img/sharp-win32-x64'
207 silly reify ]
208 verbose reify failed optional dependency /Users/jeffreyliknes/Documents/Projects/AI Visibility Toolkit/node_modules/@img/sharp-win32-ia32
209 silly reify mark deleted [
209 silly reify   '/Users/jeffreyliknes/Documents/Projects/AI Visibility Toolkit/node_modules/@img/sharp-win32-ia32'
209 silly reify ]
210 verbose reify failed optional dependency /Users/jeffreyliknes/Documents/Projects/AI Visibility Toolkit/node_modules/@img/sharp-win32-arm64
211 silly reify mark deleted [
211 silly reify   '/Users/jeffreyliknes/Documents/Projects/AI Visibility Toolkit/node_modules/@img/sharp-win32-arm64'
211 silly reify ]
212 verbose reify failed optional dependency /Users/jeffreyliknes/Documents/Projects/AI Visibility Toolkit/node_modules/@img/sharp-wasm32
213 silly reify mark deleted [
213 silly reify   '/Users/jeffreyliknes/Documents/Projects/AI Visibility Toolkit/node_modules/@img/sharp-wasm32'
213 silly reify ]
214 verbose reify failed optional dependency /Users/jeffreyliknes/Documents/Projects/AI Visibility Toolkit/node_modules/@img/sharp-linuxmusl-x64
215 silly reify mark deleted [
215 silly reify   '/Users/jeffreyliknes/Documents/Projects/AI Visibility Toolkit/node_modules/@img/sharp-linuxmusl-x64'
215 silly reify ]
216 verbose reify failed optional dependency /Users/jeffreyliknes/Documents/Projects/AI Visibility Toolkit/node_modules/@img/sharp-linuxmusl-arm64
217 silly reify mark deleted [
217 silly reify   '/Users/jeffreyliknes/Documents/Projects/AI Visibility Toolkit/node_modules/@img/sharp-linuxmusl-arm64'
217 silly reify ]
218 verbose reify failed optional dependency /Users/jeffreyliknes/Documents/Projects/AI Visibility Toolkit/node_modules/@img/sharp-linux-x64
219 silly reify mark deleted [
219 silly reify   '/Users/jeffreyliknes/Documents/Projects/AI Visibility Toolkit/node_modules/@img/sharp-linux-x64'
219 silly reify ]
220 verbose reify failed optional dependency /Users/jeffreyliknes/Documents/Projects/AI Visibility Toolkit/node_modules/@img/sharp-linux-s390x
221 silly reify mark deleted [
221 silly reify   '/Users/jeffreyliknes/Documents/Projects/AI Visibility Toolkit/node_modules/@img/sharp-linux-s390x'
221 silly reify ]
222 verbose reify failed optional dependency /Users/jeffreyliknes/Documents/Projects/AI Visibility Toolkit/node_modules/@img/sharp-linux-riscv64
223 silly reify mark deleted [
223 silly reify   '/Users/jeffreyliknes/Documents/Projects/AI Visibility Toolkit/node_modules/@img/sharp-linux-riscv64'
223 silly reify ]
224 verbose reify failed optional dependency /Users/jeffreyliknes/Documents/Projects/AI Visibility Toolkit/node_modules/@img/sharp-linux-ppc64
225 silly reify mark deleted [
225 silly reify   '/Users/jeffreyliknes/Documents/Projects/AI Visibility Toolkit/node_modules/@img/sharp-linux-ppc64'
225 silly reify ]
226 verbose reify failed optional dependency /Users/jeffreyliknes/Documents/Projects/AI Visibility Toolkit/node_modules/@img/sharp-linux-arm64
227 silly reify mark deleted [
227 silly reify   '/Users/jeffreyliknes/Documents/Projects/AI Visibility Toolkit/node_modules/@img/sharp-linux-arm64'
227 silly reify ]
228 verbose reify failed optional dependency /Users/jeffreyliknes/Documents/Projects/AI Visibility Toolkit/node_modules/@img/sharp-linux-arm
229 silly reify mark deleted [
229 silly reify   '/Users/jeffreyliknes/Documents/Projects/AI Visibility Toolkit/node_modules/@img/sharp-linux-arm'
229 silly reify ]
230 verbose reify failed optional dependency /Users/jeffreyliknes/Documents/Projects/AI Visibility Toolkit/node_modules/@img/sharp-libvips-linuxmusl-x64
231 silly reify mark deleted [
231 silly reify   '/Users/jeffreyliknes/Documents/Projects/AI Visibility Toolkit/node_modules/@img/sharp-libvips-linuxmusl-x64'
231 silly reify ]
232 verbose reify failed optional dependency /Users/jeffreyliknes/Documents/Projects/AI Visibility Toolkit/node_modules/@img/sharp-libvips-linuxmusl-arm64
233 silly reify mark deleted [
233 silly reify   '/Users/jeffreyliknes/Documents/Projects/AI Visibility Toolkit/node_modules/@img/sharp-libvips-linuxmusl-arm64'
233 silly reify ]
234 verbose reify failed optional dependency /Users/jeffreyliknes/Documents/Projects/AI Visibility Toolkit/node_modules/@img/sharp-libvips-linux-x64
235 silly reify mark deleted [
235 silly reify   '/Users/jeffreyliknes/Documents/Projects/AI Visibility Toolkit/node_modules/@img/sharp-libvips-linux-x64'
235 silly reify ]
236 verbose reify failed optional dependency /Users/jeffreyliknes/Documents/Projects/AI Visibility Toolkit/node_modules/@img/sharp-libvips-linux-s390x
237 silly reify mark deleted [
237 silly reify   '/Users/jeffreyliknes/Documents/Projects/AI Visibility Toolkit/node_modules/@img/sharp-libvips-linux-s390x'
237 silly reify ]
238 verbose reify failed optional dependency /Users/jeffreyliknes/Documents/Projects/AI Visibility Toolkit/node_modules/@img/sharp-libvips-linux-riscv64
239 silly reify mark deleted [
239 silly reify   '/Users/jeffreyliknes/Documents/Projects/AI Visibility Toolkit/node_modules/@img/sharp-libvips-linux-riscv64'
239 silly reify ]
240 verbose reify failed optional dependency /Users/jeffreyliknes/Documents/Projects/AI Visibility Toolkit/node_modules/@img/sharp-libvips-linux-ppc64
241 silly reify mark deleted [
241 silly reify   '/Users/jeffreyliknes/Documents/Projects/AI Visibility Toolkit/node_modules/@img/sharp-libvips-linux-ppc64'
241 silly reify ]
242 verbose reify failed optional dependency /Users/jeffreyliknes/Documents/Projects/AI Visibility Toolkit/node_modules/@img/sharp-libvips-linux-arm64
243 silly reify mark deleted [
243 silly reify   '/Users/jeffreyliknes/Documents/Projects/AI Visibility Toolkit/node_modules/@img/sharp-libvips-linux-arm64'
243 silly reify ]
244 verbose reify failed optional dependency /Users/jeffreyliknes/Documents/Projects/AI Visibility Toolkit/node_modules/@img/sharp-libvips-linux-arm
245 silly reify mark deleted [
245 silly reify   '/Users/jeffreyliknes/Documents/Projects/AI Visibility Toolkit/node_modules/@img/sharp-libvips-linux-arm'
245 silly reify ]
246 verbose reify failed optional dependency /Users/jeffreyliknes/Documents/Projects/AI Visibility Toolkit/node_modules/@img/sharp-libvips-darwin-x64
247 silly reify mark deleted [
247 silly reify   '/Users/jeffreyliknes/Documents/Projects/AI Visibility Toolkit/node_modules/@img/sharp-libvips-darwin-x64'
247 silly reify ]
248 verbose reify failed optional dependency /Users/jeffreyliknes/Documents/Projects/AI Visibility Toolkit/node_modules/@img/sharp-darwin-x64
249 silly reify mark deleted [
249 silly reify   '/Users/jeffreyliknes/Documents/Projects/AI Visibility Toolkit/node_modules/@img/sharp-darwin-x64'
249 silly reify ]
250 silly tarball no local data for thenify@https://registry.npmjs.org/thenify/-/thenify-3.3.1.tgz. Extracting by manifest.
251 silly tarball no local data for thenify-all@https://registry.npmjs.org/thenify-all/-/thenify-all-1.6.0.tgz. Extracting by manifest.
252 silly tarball no local data for ts-interface-checker@https://registry.npmjs.org/ts-interface-checker/-/ts-interface-checker-0.1.13.tgz. Extracting by manifest.
253 silly tarball no local data for any-promise@https://registry.npmjs.org/any-promise/-/any-promise-1.3.0.tgz. Extracting by manifest.
254 silly tarball no local data for yaml@https://registry.npmjs.org/yaml/-/yaml-2.8.1.tgz. Extracting by manifest.
255 silly tarball no local data for lines-and-columns@https://registry.npmjs.org/lines-and-columns/-/lines-and-columns-1.2.4.tgz. Extracting by manifest.
256 silly tarball no local data for mz@https://registry.npmjs.org/mz/-/mz-2.7.0.tgz. Extracting by manifest.
257 silly tarball no local data for pirates@https://registry.npmjs.org/pirates/-/pirates-4.0.7.tgz. Extracting by manifest.
258 silly tarball no local data for commander@https://registry.npmjs.org/commander/-/commander-4.1.1.tgz. Extracting by manifest.
259 silly tarball no local data for pify@https://registry.npmjs.org/pify/-/pify-2.3.0.tgz. Extracting by manifest.
260 silly tarball no local data for cssesc@https://registry.npmjs.org/cssesc/-/cssesc-3.0.0.tgz. Extracting by manifest.
261 silly tarball no local data for camelcase-css@https://registry.npmjs.org/camelcase-css/-/camelcase-css-2.0.1.tgz. Extracting by manifest.
262 silly tarball no local data for util-deprecate@https://registry.npmjs.org/util-deprecate/-/util-deprecate-1.0.2.tgz. Extracting by manifest.
263 silly tarball no local data for binary-extensions@https://registry.npmjs.org/binary-extensions/-/binary-extensions-2.3.0.tgz. Extracting by manifest.
264 silly tarball no local data for readdirp@https://registry.npmjs.org/readdirp/-/readdirp-3.6.0.tgz. Extracting by manifest.
265 silly tarball no local data for read-cache@https://registry.npmjs.org/read-cache/-/read-cache-1.0.0.tgz. Extracting by manifest.
266 silly tarball no local data for postcss-selector-parser@https://registry.npmjs.org/postcss-selector-parser/-/postcss-selector-parser-6.1.2.tgz. Extracting by manifest.
267 silly tarball no local data for fsevents@https://registry.npmjs.org/fsevents/-/fsevents-2.3.3.tgz. Extracting by manifest.
268 silly tarball no local data for is-binary-path@https://registry.npmjs.org/is-binary-path/-/is-binary-path-2.1.0.tgz. Extracting by manifest.
269 silly tarball no local data for postcss-nested@https://registry.npmjs.org/postcss-nested/-/postcss-nested-6.2.0.tgz. Extracting by manifest.
270 silly tarball no local data for anymatch@https://registry.npmjs.org/anymatch/-/anymatch-3.1.3.tgz. Extracting by manifest.
271 silly tarball no local data for postcss-import@https://registry.npmjs.org/postcss-import/-/postcss-import-15.1.0.tgz. Extracting by manifest.
272 silly tarball no local data for sucrase@https://registry.npmjs.org/sucrase/-/sucrase-3.35.1.tgz. Extracting by manifest.
273 silly tarball no local data for normalize-path@https://registry.npmjs.org/normalize-path/-/normalize-path-3.0.0.tgz. Extracting by manifest.
274 silly tarball no local data for didyoumean@https://registry.npmjs.org/didyoumean/-/didyoumean-1.2.2.tgz. Extracting by manifest.
275 silly tarball no local data for postcss-js@https://registry.npmjs.org/postcss-js/-/postcss-js-4.1.0.tgz. Extracting by manifest.
276 silly tarball no local data for object-hash@https://registry.npmjs.org/object-hash/-/object-hash-3.0.0.tgz. Extracting by manifest.
277 silly tarball no local data for jiti@https://registry.npmjs.org/jiti/-/jiti-1.21.7.tgz. Extracting by manifest.
278 silly tarball no local data for lilconfig@https://registry.npmjs.org/lilconfig/-/lilconfig-3.1.3.tgz. Extracting by manifest.
279 silly tarball no local data for chokidar@https://registry.npmjs.org/chokidar/-/chokidar-3.6.0.tgz. Extracting by manifest.
280 silly tarball no local data for arg@https://registry.npmjs.org/arg/-/arg-5.0.2.tgz. Extracting by manifest.
281 silly tarball no local data for dlv@https://registry.npmjs.org/dlv/-/dlv-1.1.3.tgz. Extracting by manifest.
282 silly tarball no local data for tailwindcss@https://registry.npmjs.org/tailwindcss/-/tailwindcss-3.4.17.tgz. Extracting by manifest.
283 silly tarball no local data for @alloc/quick-lru@https://registry.npmjs.org/@alloc/quick-lru/-/quick-lru-5.2.0.tgz. Extracting by manifest.
284 silly tarball no local data for postcss-load-config@https://registry.npmjs.org/postcss-load-config/-/postcss-load-config-4.0.2.tgz. Extracting by manifest.
285 http fetch GET 200 https://registry.npmjs.org/thenify-all/-/thenify-all-1.6.0.tgz 75ms (cache miss)
286 http fetch GET 200 https://registry.npmjs.org/lines-and-columns/-/lines-and-columns-1.2.4.tgz 74ms (cache miss)
287 http fetch GET 200 https://registry.npmjs.org/thenify/-/thenify-3.3.1.tgz 89ms (cache miss)
288 http fetch GET 200 https://registry.npmjs.org/any-promise/-/any-promise-1.3.0.tgz 93ms (cache miss)
289 http fetch GET 200 https://registry.npmjs.org/ts-interface-checker/-/ts-interface-checker-0.1.13.tgz 97ms (cache miss)
290 http fetch GET 200 https://registry.npmjs.org/readdirp/-/readdirp-3.6.0.tgz 113ms (cache miss)
291 http fetch GET 200 https://registry.npmjs.org/yaml/-/yaml-2.8.1.tgz 140ms (cache miss)
292 http fetch GET 200 https://registry.npmjs.org/pirates/-/pirates-4.0.7.tgz 219ms (cache miss)
293 http fetch GET 200 https://registry.npmjs.org/postcss-selector-parser/-/postcss-selector-parser-6.1.2.tgz 218ms (cache miss)
294 http fetch GET 200 https://registry.npmjs.org/read-cache/-/read-cache-1.0.0.tgz 218ms (cache miss)
295 http fetch GET 200 https://registry.npmjs.org/pify/-/pify-2.3.0.tgz 221ms (cache miss)
296 http fetch GET 200 https://registry.npmjs.org/fsevents/-/fsevents-2.3.3.tgz 220ms (cache miss)
297 http fetch GET 200 https://registry.npmjs.org/mz/-/mz-2.7.0.tgz 223ms (cache miss)
298 http fetch GET 200 https://registry.npmjs.org/commander/-/commander-4.1.1.tgz 223ms (cache miss)
299 http fetch GET 200 https://registry.npmjs.org/postcss-js/-/postcss-js-4.1.0.tgz 266ms (cache miss)
300 http fetch GET 200 https://registry.npmjs.org/normalize-path/-/normalize-path-3.0.0.tgz 266ms (cache miss)
301 http fetch GET 200 https://registry.npmjs.org/postcss-import/-/postcss-import-15.1.0.tgz 279ms (cache miss)
302 http fetch GET 200 https://registry.npmjs.org/cssesc/-/cssesc-3.0.0.tgz 314ms (cache miss)
303 http fetch GET 200 https://registry.npmjs.org/didyoumean/-/didyoumean-1.2.2.tgz 311ms (cache miss)
304 http fetch GET 200 https://registry.npmjs.org/object-hash/-/object-hash-3.0.0.tgz 310ms (cache miss)
305 http fetch GET 200 https://registry.npmjs.org/is-binary-path/-/is-binary-path-2.1.0.tgz 313ms (cache miss)
306 http fetch GET 200 https://registry.npmjs.org/binary-extensions/-/binary-extensions-2.3.0.tgz 314ms (cache miss)
307 http fetch POST 200 https://registry.npmjs.org/-/npm/v1/security/advisories/bulk 446ms
308 silly audit report {}
309 http fetch GET 200 https://registry.npmjs.org/anymatch/-/anymatch-3.1.3.tgz 430ms (cache miss)
310 http fetch GET 200 https://registry.npmjs.org/arg/-/arg-5.0.2.tgz 427ms (cache miss)
311 http fetch GET 200 https://registry.npmjs.org/dlv/-/dlv-1.1.3.tgz 428ms (cache miss)
312 http fetch GET 200 https://registry.npmjs.org/sucrase/-/sucrase-3.35.1.tgz 431ms (cache miss)
313 http fetch GET 200 https://registry.npmjs.org/chokidar/-/chokidar-3.6.0.tgz 429ms (cache miss)
314 http fetch GET 200 https://registry.npmjs.org/postcss-nested/-/postcss-nested-6.2.0.tgz 497ms (cache miss)
315 http fetch GET 200 https://registry.npmjs.org/@alloc/quick-lru/-/quick-lru-5.2.0.tgz 511ms (cache miss)
316 http fetch GET 200 https://registry.npmjs.org/jiti/-/jiti-1.21.7.tgz 514ms (cache miss)
317 http fetch GET 200 https://registry.npmjs.org/lilconfig/-/lilconfig-3.1.3.tgz 535ms (cache miss)
318 http fetch GET 200 https://registry.npmjs.org/util-deprecate/-/util-deprecate-1.0.2.tgz 544ms (cache miss)
319 http fetch GET 200 https://registry.npmjs.org/camelcase-css/-/camelcase-css-2.0.1.tgz 544ms (cache miss)
320 http fetch GET 200 https://registry.npmjs.org/postcss-load-config/-/postcss-load-config-4.0.2.tgz 538ms (cache miss)
321 http fetch GET 200 https://registry.npmjs.org/tailwindcss/-/tailwindcss-3.4.17.tgz 987ms (cache miss)
322 info run fsevents@2.3.3 install node_modules/fsevents node-gyp rebuild
323 info run fsevents@2.3.3 install { code: 1, signal: null }
324 verbose reify failed optional dependency /Users/jeffreyliknes/Documents/Projects/AI Visibility Toolkit/node_modules/fsevents
325 silly reify mark deleted [
325 silly reify   '/Users/jeffreyliknes/Documents/Projects/AI Visibility Toolkit/node_modules/fsevents'
325 silly reify ]
326 silly ADD node_modules/yaml
327 silly ADD node_modules/thenify
328 silly ADD node_modules/thenify-all
329 silly ADD node_modules/any-promise
330 silly ADD node_modules/ts-interface-checker
331 silly ADD node_modules/pirates
332 silly ADD node_modules/mz
333 silly ADD node_modules/lines-and-columns
334 silly ADD node_modules/commander
335 silly ADD node_modules/pify
336 silly ADD node_modules/util-deprecate
337 silly ADD node_modules/cssesc
338 silly ADD node_modules/camelcase-css
339 silly ADD node_modules/read-cache
340 silly ADD node_modules/binary-extensions
341 silly ADD node_modules/readdirp
342 silly ADD node_modules/is-binary-path
343 silly ADD
344 silly ADD node_modules/anymatch
345 silly ADD node_modules/sucrase
346 silly ADD node_modules/postcss-selector-parser
347 silly ADD node_modules/postcss-nested
348 silly ADD node_modules/postcss-js
349 silly ADD node_modules/postcss-import
350 silly ADD node_modules/object-hash
351 silly ADD node_modules/normalize-path
352 silly ADD node_modules/lilconfig
353 silly ADD node_modules/jiti
354 silly ADD node_modules/dlv
355 silly ADD node_modules/didyoumean
356 silly ADD node_modules/chokidar
357 silly ADD node_modules/chokidar/node_modules/glob-parent
358 silly ADD node_modules/arg
359 silly ADD node_modules/@alloc/quick-lru
360 silly ADD
361 silly ADD
362 silly ADD
363 silly ADD
364 silly ADD
365 silly ADD
366 silly ADD
367 silly ADD
368 silly ADD
369 silly ADD
370 silly ADD
371 silly ADD
372 silly ADD
373 silly ADD
374 silly ADD
375 silly ADD
376 silly ADD
377 silly ADD
378 silly ADD
379 silly ADD
380 silly ADD
381 silly ADD
382 silly ADD
383 silly ADD
384 silly ADD
385 silly ADD
386 silly ADD
387 silly ADD
388 silly ADD
389 silly ADD
390 silly ADD
391 silly ADD
392 silly ADD
393 silly ADD
394 silly ADD
395 silly ADD
396 silly ADD
397 silly ADD
398 silly ADD
399 silly ADD
400 silly ADD
401 silly ADD
402 silly ADD
403 silly ADD
404 silly ADD
405 silly ADD
406 silly ADD
407 silly ADD
408 silly ADD
409 silly ADD
410 silly ADD
411 silly CHANGE node_modules/tailwindcss
412 silly ADD node_modules/tailwindcss/node_modules/postcss-load-config
413 silly ADD node_modules/tailwindcss/node_modules/fast-glob
414 silly ADD node_modules/tailwindcss/node_modules/fast-glob/node_modules/glob-parent
415 verbose exit 0
416 info ok
