0 verbose cli /usr/local/bin/node /usr/local/bin/npm
1 info using npm@10.7.0
2 info using node@v20.15.1
3 silly config:load:file:/usr/local/lib/node_modules/npm/npmrc
4 silly config:load:file:/Users/jeffreyliknes/Documents/Projects/AI Visibility Toolkit/.npmrc
5 silly config:load:file:/Users/jeffreyliknes/.npmrc
6 silly config:load:file:/usr/local/etc/npmrc
7 verbose title npm install next react react-dom cheerio lucide-react framer-motion clsx tailwind-merge zod class-variance-authority @radix-ui/react-slot @radix-ui/react-accordion @radix-ui/react-progress @radix-ui/react-label
8 verbose argv "install" "next" "react" "react-dom" "cheerio" "lucide-react" "framer-motion" "clsx" "tailwind-merge" "zod" "class-variance-authority" "@radix-ui/react-slot" "@radix-ui/react-accordion" "@radix-ui/react-progress" "@radix-ui/react-label" "--save"
9 verbose logfile logs-max:10 dir:/Users/jeffreyliknes/Documents/Projects/AI Visibility Toolkit/.npm-cache/_logs/2025-11-21T15_44_12_298Z-
10 verbose logfile /Users/jeffreyliknes/Documents/Projects/AI Visibility Toolkit/.npm-cache/_logs/2025-11-21T15_44_12_298Z-debug-0.log
11 silly logfile done cleaning log files
12 silly idealTree buildDeps
13 silly fetch manifest next@*
14 http fetch GET 200 https://registry.npmjs.org/npm 535ms
15 http fetch GET 200 https://registry.npmjs.org/next 1204ms (cache miss)
16 silly fetch manifest @opentelemetry/api@^1.1.0
17 http fetch GET 200 https://registry.npmjs.org/@opentelemetry%2fapi 205ms (cache miss)
18 silly fetch manifest @playwright/test@^1.51.1
19 http fetch GET 200 https://registry.npmjs.org/@playwright%2ftest 648ms (cache miss)
20 silly fetch manifest babel-plugin-react-compiler@*
21 http fetch GET 200 https://registry.npmjs.org/babel-plugin-react-compiler 206ms (cache miss)
22 silly fetch manifest react@*
23 http fetch GET 200 https://registry.npmjs.org/react 974ms (cache miss)
24 silly fetch manifest react-dom@*
25 http fetch GET 200 https://registry.npmjs.org/react-dom 2582ms (cache miss)
26 silly fetch manifest sass@^1.3.0
27 http fetch GET 200 https://registry.npmjs.org/sass 477ms (cache miss)
28 silly fetch manifest cheerio@*
29 http fetch GET 200 https://registry.npmjs.org/cheerio 324ms (cache miss)
30 silly fetch manifest lucide-react@*
31 http fetch GET 200 https://registry.npmjs.org/lucide-react 655ms (cache miss)
32 silly fetch manifest framer-motion@*
33 http fetch GET 200 https://registry.npmjs.org/framer-motion 1590ms (cache miss)
34 silly fetch manifest @emotion/is-prop-valid@*
35 http fetch GET 200 https://registry.npmjs.org/@emotion%2fis-prop-valid 223ms (cache miss)
36 silly fetch manifest clsx@*
37 http fetch GET 200 https://registry.npmjs.org/clsx 209ms (cache miss)
38 silly fetch manifest tailwind-merge@*
39 http fetch GET 200 https://registry.npmjs.org/tailwind-merge 518ms (cache miss)
40 silly fetch manifest zod@*
41 http fetch GET 200 https://registry.npmjs.org/zod 932ms (cache miss)
42 silly fetch manifest class-variance-authority@*
43 http fetch GET 200 https://registry.npmjs.org/class-variance-authority 429ms (cache miss)
44 silly fetch manifest @radix-ui/react-slot@*
45 http fetch GET 200 https://registry.npmjs.org/@radix-ui%2freact-slot 297ms (cache miss)
46 silly fetch manifest @types/react@*
47 http fetch GET 200 https://registry.npmjs.org/@types%2freact 687ms (cache miss)
48 silly fetch manifest @radix-ui/react-accordion@*
49 http fetch GET 200 https://registry.npmjs.org/@radix-ui%2freact-accordion 681ms (cache miss)
50 silly fetch manifest @types/react-dom@*
51 http fetch GET 200 https://registry.npmjs.org/@types%2freact-dom 280ms (cache miss)
52 silly fetch manifest @radix-ui/react-progress@*
53 http fetch GET 200 https://registry.npmjs.org/@radix-ui%2freact-progress 395ms (cache miss)
54 silly fetch manifest @radix-ui/react-label@*
55 http fetch GET 200 https://registry.npmjs.org/@radix-ui%2freact-label 386ms (cache miss)
56 silly placeDep ROOT @radix-ui/react-accordion@1.2.12 OK for: ai-visibility-toolkit@0.1.0 want: *
57 silly placeDep ROOT react@19.2.0 OK for: @radix-ui/react-accordion@1.2.12 want: ^16.8 || ^17.0 || ^18.0 || ^19.0 || ^19.0.0-rc
58 silly placeDep ROOT react-dom@19.2.0 OK for: @radix-ui/react-accordion@1.2.12 want: ^16.8 || ^17.0 || ^18.0 || ^19.0 || ^19.0.0-rc
59 silly placeDep ROOT @radix-ui/react-label@2.1.8 OK for: ai-visibility-toolkit@0.1.0 want: *
60 silly placeDep ROOT @radix-ui/react-progress@1.1.8 OK for: ai-visibility-toolkit@0.1.0 want: *
61 silly placeDep ROOT @radix-ui/react-slot@1.2.4 OK for: ai-visibility-toolkit@0.1.0 want: *
62 silly placeDep ROOT cheerio@1.1.2 OK for: ai-visibility-toolkit@0.1.0 want: *
63 silly placeDep ROOT class-variance-authority@0.7.1 OK for: ai-visibility-toolkit@0.1.0 want: *
64 silly placeDep ROOT clsx@2.1.1 OK for: ai-visibility-toolkit@0.1.0 want: *
65 silly placeDep ROOT framer-motion@12.23.24 OK for: ai-visibility-toolkit@0.1.0 want: *
66 silly placeDep ROOT lucide-react@0.554.0 OK for: ai-visibility-toolkit@0.1.0 want: *
67 silly placeDep ROOT next@16.0.3 OK for: ai-visibility-toolkit@0.1.0 want: *
68 silly placeDep ROOT react@19.2.0 REPLACE for: ai-visibility-toolkit@0.1.0 want: *
69 silly placeDep ROOT react-dom@19.2.0 REPLACE for: ai-visibility-toolkit@0.1.0 want: *
70 silly placeDep ROOT tailwind-merge@3.4.0 OK for: ai-visibility-toolkit@0.1.0 want: *
71 silly placeDep ROOT zod@4.1.12 OK for: ai-visibility-toolkit@0.1.0 want: *
72 silly fetch manifest @radix-ui/react-id@1.1.1
73 silly fetch manifest @radix-ui/primitive@1.1.3
74 silly fetch manifest @radix-ui/react-context@1.1.2
75 silly fetch manifest @radix-ui/react-direction@1.1.1
76 silly fetch manifest @radix-ui/react-primitive@2.1.3
77 silly fetch manifest @radix-ui/react-collection@1.1.7
78 silly fetch manifest @radix-ui/react-collapsible@1.1.12
79 http fetch GET 200 https://registry.npmjs.org/@radix-ui%2fprimitive 184ms (cache miss)
80 silly fetch manifest @radix-ui/react-compose-refs@1.1.2
81 http fetch GET 200 https://registry.npmjs.org/@radix-ui%2freact-id 303ms (cache miss)
82 silly fetch manifest @radix-ui/react-use-controllable-state@1.2.2
83 http fetch GET 200 https://registry.npmjs.org/@radix-ui%2freact-compose-refs 194ms (cache miss)
84 silly fetch manifest scheduler@^0.27.0
85 http fetch GET 200 https://registry.npmjs.org/@radix-ui%2freact-direction 643ms (cache miss)
86 silly fetch manifest @radix-ui/react-primitive@2.1.4
87 http fetch GET 200 https://registry.npmjs.org/@radix-ui%2freact-collapsible 745ms (cache miss)
88 silly fetch manifest @radix-ui/react-context@1.1.3
89 http fetch GET 200 https://registry.npmjs.org/@radix-ui%2freact-primitive 894ms (cache miss)
90 http fetch GET 200 https://registry.npmjs.org/@radix-ui%2freact-context 1183ms (cache miss)
91 silly fetch manifest parse5@^7.3.0
92 http fetch GET 200 https://registry.npmjs.org/@radix-ui%2freact-use-controllable-state 888ms (cache miss)
93 silly fetch manifest undici@^7.12.0
94 http fetch GET 200 https://registry.npmjs.org/@radix-ui%2freact-context 450ms (cache miss)
95 silly fetch manifest domutils@^3.2.2
96 http fetch GET 200 https://registry.npmjs.org/@radix-ui%2freact-collection 1282ms (cache miss)
97 silly fetch manifest domhandler@^5.0.3
98 http fetch GET 200 https://registry.npmjs.org/@radix-ui%2freact-primitive 674ms (cache miss)
99 silly fetch manifest htmlparser2@^10.0.0
100 silly fetch manifest cheerio-select@^2.1.0
101 http fetch GET 200 https://registry.npmjs.org/parse5 147ms (cache miss)
102 silly fetch manifest dom-serializer@^2.0.0
103 http fetch GET 200 https://registry.npmjs.org/domutils 259ms (cache miss)
104 silly fetch manifest whatwg-mimetype@^4.0.0
105 http fetch GET 200 https://registry.npmjs.org/undici 293ms (cache miss)
106 silly fetch manifest encoding-sniffer@^0.2.1
107 http fetch GET 200 https://registry.npmjs.org/cheerio-select 203ms (cache miss)
108 silly fetch manifest parse5-parser-stream@^7.1.2
109 http fetch GET 200 https://registry.npmjs.org/domhandler 245ms (cache miss)
110 silly fetch manifest parse5-htmlparser2-tree-adapter@^7.1.0
111 http fetch GET 200 https://registry.npmjs.org/htmlparser2 232ms (cache miss)
112 silly fetch manifest clsx@^2.1.1
113 silly fetch manifest tslib@^2.4.0
114 http fetch GET 200 https://registry.npmjs.org/dom-serializer 227ms (cache miss)
115 silly fetch manifest motion-dom@^12.23.23
116 http fetch GET 200 https://registry.npmjs.org/encoding-sniffer 97ms (cache miss)
117 silly fetch manifest motion-utils@^12.23.6
118 http fetch GET 200 https://registry.npmjs.org/whatwg-mimetype 221ms (cache miss)
119 silly fetch manifest postcss@8.4.31
120 http fetch GET 200 https://registry.npmjs.org/parse5-htmlparser2-tree-adapter 155ms (cache miss)
121 silly fetch manifest @next/env@16.0.3
122 http fetch GET 200 https://registry.npmjs.org/parse5-parser-stream 160ms (cache miss)
123 silly fetch manifest styled-jsx@5.1.6
124 http fetch GET 200 https://registry.npmjs.org/tslib 287ms (cache miss)
125 silly fetch manifest @swc/helpers@0.5.15
126 http fetch GET 200 https://registry.npmjs.org/motion-dom 449ms (cache miss)
127 silly fetch manifest caniuse-lite@^1.0.30001579
128 http fetch GET 200 https://registry.npmjs.org/motion-utils 429ms (cache miss)
129 silly fetch manifest sharp@^0.34.4
130 http fetch GET 200 https://registry.npmjs.org/@swc%2fhelpers 532ms (cache miss)
131 silly fetch manifest @next/swc-darwin-x64@16.0.3
132 http fetch GET 200 https://registry.npmjs.org/sharp 635ms (cache miss)
133 silly fetch manifest @next/swc-darwin-arm64@16.0.3
134 http fetch GET 200 https://registry.npmjs.org/postcss 1398ms (cache miss)
135 silly fetch manifest @next/swc-linux-x64-gnu@16.0.3
136 http fetch GET 200 https://registry.npmjs.org/caniuse-lite 3236ms (cache miss)
137 silly fetch manifest @next/swc-linux-x64-musl@16.0.3
138 http fetch GET 200 https://registry.npmjs.org/@next%2fenv 4573ms (cache miss)
139 silly fetch manifest @next/swc-win32-x64-msvc@16.0.3
140 http fetch GET 200 https://registry.npmjs.org/@next%2fswc-darwin-arm64 3618ms (cache miss)
141 silly fetch manifest @next/swc-linux-arm64-gnu@16.0.3
142 http fetch GET 200 https://registry.npmjs.org/styled-jsx 4699ms (cache miss)
143 silly fetch manifest @next/swc-linux-arm64-musl@16.0.3
144 http fetch GET 200 https://registry.npmjs.org/@next%2fswc-linux-x64-musl 1193ms (cache miss)
145 silly fetch manifest @next/swc-win32-arm64-msvc@16.0.3
146 http fetch GET 200 https://registry.npmjs.org/scheduler 6255ms (cache miss)
147 http fetch GET 200 https://registry.npmjs.org/@next%2fswc-darwin-x64 4572ms (cache miss)
148 http fetch GET 200 https://registry.npmjs.org/@next%2fswc-linux-arm64-musl 663ms (cache miss)
149 http fetch GET 200 https://registry.npmjs.org/@next%2fswc-win32-arm64-msvc 637ms (cache miss)
150 http fetch GET 200 https://registry.npmjs.org/@next%2fswc-win32-x64-msvc 895ms (cache miss)
151 http fetch GET 200 https://registry.npmjs.org/@next%2fswc-linux-x64-gnu 4434ms (cache miss)
152 http fetch GET 200 https://registry.npmjs.org/@next%2fswc-linux-arm64-gnu 1354ms (cache miss)
153 silly fetch manifest react@^16.8 || ^17.0 || ^18.0 || ^19.0 || ^19.0.0-rc
154 silly fetch manifest react-dom@^16.8 || ^17.0 || ^18.0 || ^19.0 || ^19.0.0-rc
155 silly placeDep ROOT @radix-ui/primitive@1.1.3 OK for: @radix-ui/react-accordion@1.2.12 want: 1.1.3
156 silly placeDep ROOT @radix-ui/react-collapsible@1.1.12 OK for: @radix-ui/react-accordion@1.2.12 want: 1.1.12
157 silly placeDep ROOT @radix-ui/react-collection@1.1.7 OK for: @radix-ui/react-accordion@1.2.12 want: 1.1.7
158 silly placeDep ROOT @radix-ui/react-compose-refs@1.1.2 OK for: @radix-ui/react-accordion@1.2.12 want: 1.1.2
159 silly placeDep ROOT @radix-ui/react-context@1.1.2 OK for: @radix-ui/react-accordion@1.2.12 want: 1.1.2
160 silly placeDep ROOT @radix-ui/react-direction@1.1.1 OK for: @radix-ui/react-accordion@1.2.12 want: 1.1.1
161 silly placeDep ROOT @radix-ui/react-id@1.1.1 OK for: @radix-ui/react-accordion@1.2.12 want: 1.1.1
162 silly placeDep ROOT @radix-ui/react-primitive@2.1.3 OK for: @radix-ui/react-accordion@1.2.12 want: 2.1.3
163 silly placeDep ROOT @radix-ui/react-use-controllable-state@1.2.2 OK for: @radix-ui/react-accordion@1.2.12 want: 1.2.2
164 silly fetch manifest @radix-ui/react-presence@1.1.5
165 silly fetch manifest @radix-ui/react-use-layout-effect@1.1.1
166 silly fetch manifest @radix-ui/react-slot@1.2.3
167 silly fetch manifest @radix-ui/react-use-effect-event@0.0.2
168 http fetch GET 200 https://registry.npmjs.org/@radix-ui%2freact-use-effect-event 104ms (cache miss)
169 http fetch GET 200 https://registry.npmjs.org/@radix-ui%2freact-use-layout-effect 145ms (cache miss)
170 http fetch GET 200 https://registry.npmjs.org/@radix-ui%2freact-presence 399ms (cache miss)
171 silly placeDep ROOT @radix-ui/react-presence@1.1.5 OK for: @radix-ui/react-collapsible@1.1.12 want: 1.1.5
172 silly placeDep ROOT @radix-ui/react-use-layout-effect@1.1.1 OK for: @radix-ui/react-collapsible@1.1.12 want: 1.1.1
173 silly placeDep node_modules/@radix-ui/react-collection @radix-ui/react-slot@1.2.3 OK for: @radix-ui/react-collection@1.1.7 want: 1.2.3
174 silly placeDep node_modules/@radix-ui/react-label @radix-ui/react-primitive@2.1.4 OK for: @radix-ui/react-label@2.1.8 want: 2.1.4
175 silly placeDep node_modules/@radix-ui/react-primitive @radix-ui/react-slot@1.2.3 OK for: @radix-ui/react-primitive@2.1.3 want: 1.2.3
176 silly placeDep node_modules/@radix-ui/react-progress @radix-ui/react-context@1.1.3 OK for: @radix-ui/react-progress@1.1.8 want: 1.1.3
177 silly placeDep node_modules/@radix-ui/react-progress @radix-ui/react-primitive@2.1.4 OK for: @radix-ui/react-progress@1.1.8 want: 2.1.4
178 silly placeDep ROOT @radix-ui/react-use-effect-event@0.0.2 OK for: @radix-ui/react-use-controllable-state@1.2.2 want: 0.0.2
179 silly placeDep ROOT cheerio-select@2.1.0 OK for: cheerio@1.1.2 want: ^2.1.0
180 silly placeDep ROOT dom-serializer@2.0.0 OK for: cheerio@1.1.2 want: ^2.0.0
181 silly placeDep ROOT domhandler@5.0.3 OK for: cheerio@1.1.2 want: ^5.0.3
182 silly placeDep ROOT domutils@3.2.2 OK for: cheerio@1.1.2 want: ^3.2.2
183 silly placeDep ROOT encoding-sniffer@0.2.1 OK for: cheerio@1.1.2 want: ^0.2.1
184 silly placeDep ROOT htmlparser2@10.0.0 OK for: cheerio@1.1.2 want: ^10.0.0
185 silly placeDep ROOT parse5@7.3.0 OK for: cheerio@1.1.2 want: ^7.3.0
186 silly placeDep ROOT parse5-htmlparser2-tree-adapter@7.1.0 OK for: cheerio@1.1.2 want: ^7.1.0
187 silly placeDep ROOT parse5-parser-stream@7.1.2 OK for: cheerio@1.1.2 want: ^7.1.2
188 silly placeDep ROOT undici@7.16.0 OK for: cheerio@1.1.2 want: ^7.12.0
189 silly placeDep ROOT whatwg-mimetype@4.0.0 OK for: cheerio@1.1.2 want: ^4.0.0
190 silly fetch manifest boolbase@^1.0.0
191 silly fetch manifest css-select@^5.1.0
192 silly fetch manifest css-what@^6.1.0
193 silly fetch manifest domelementtype@^2.3.0
194 silly fetch manifest domutils@^3.0.1
195 silly fetch manifest domhandler@^5.0.2
196 silly fetch manifest entities@^4.2.0
197 http fetch GET 200 https://registry.npmjs.org/boolbase 80ms (cache miss)
198 http fetch GET 200 https://registry.npmjs.org/domelementtype 78ms (cache miss)
199 silly fetch manifest iconv-lite@^0.6.3
200 silly fetch manifest whatwg-encoding@^3.1.1
201 silly fetch manifest entities@^6.0.0
202 http fetch GET 200 https://registry.npmjs.org/entities 83ms (cache miss)
203 http fetch GET 200 https://registry.npmjs.org/css-select 88ms (cache miss)
204 http fetch GET 200 https://registry.npmjs.org/css-what 93ms (cache miss)
205 http fetch GET 200 https://registry.npmjs.org/entities 77ms (cache miss)
206 http fetch GET 200 https://registry.npmjs.org/whatwg-encoding 80ms (cache miss)
207 http fetch GET 200 https://registry.npmjs.org/iconv-lite 81ms (cache miss)
208 silly placeDep ROOT boolbase@1.0.0 OK for: cheerio-select@2.1.0 want: ^1.0.0
209 silly placeDep ROOT css-select@5.2.2 OK for: cheerio-select@2.1.0 want: ^5.1.0
210 silly placeDep ROOT css-what@6.2.2 OK for: cheerio-select@2.1.0 want: ^6.1.0
211 silly placeDep ROOT domelementtype@2.3.0 OK for: cheerio-select@2.1.0 want: ^2.3.0
212 silly fetch manifest nth-check@^2.0.1
213 http fetch GET 200 https://registry.npmjs.org/nth-check 67ms (cache miss)
214 silly placeDep ROOT nth-check@2.1.1 OK for: css-select@5.2.2 want: ^2.0.1
215 silly placeDep ROOT entities@4.5.0 OK for: dom-serializer@2.0.0 want: ^4.2.0
216 silly placeDep ROOT iconv-lite@0.6.3 OK for: encoding-sniffer@0.2.1 want: ^0.6.3
217 silly placeDep ROOT whatwg-encoding@3.1.1 OK for: encoding-sniffer@0.2.1 want: ^3.1.1
218 silly fetch manifest safer-buffer@>= 2.1.2 < 3.0.0
219 http fetch GET 200 https://registry.npmjs.org/safer-buffer 439ms (cache miss)
220 silly placeDep ROOT motion-dom@12.23.23 OK for: framer-motion@12.23.24 want: ^12.23.23
221 silly placeDep ROOT motion-utils@12.23.6 OK for: framer-motion@12.23.24 want: ^12.23.6
222 silly placeDep ROOT tslib@2.8.1 OK for: framer-motion@12.23.24 want: ^2.4.0
223 silly placeDep node_modules/htmlparser2 entities@6.0.1 OK for: htmlparser2@10.0.0 want: ^6.0.0
224 silly placeDep ROOT safer-buffer@2.1.2 OK for: iconv-lite@0.6.3 want: >= 2.1.2 < 3.0.0
225 silly fetch manifest react@^18.2.0 || 19.0.0-rc-de68d2f4-20241204 || ^19.0.0
226 silly placeDep ROOT @next/env@16.0.3 OK for: next@16.0.3 want: 16.0.3
227 silly placeDep ROOT @next/swc-darwin-arm64@16.0.3 OK for: next@16.0.3 want: 16.0.3
228 silly placeDep ROOT @next/swc-darwin-x64@16.0.3 OK for: next@16.0.3 want: 16.0.3
229 silly placeDep ROOT @next/swc-linux-arm64-gnu@16.0.3 OK for: next@16.0.3 want: 16.0.3
230 silly placeDep ROOT @next/swc-linux-arm64-musl@16.0.3 OK for: next@16.0.3 want: 16.0.3
231 silly placeDep ROOT @next/swc-linux-x64-gnu@16.0.3 OK for: next@16.0.3 want: 16.0.3
232 silly placeDep ROOT @next/swc-linux-x64-musl@16.0.3 OK for: next@16.0.3 want: 16.0.3
233 silly placeDep ROOT @next/swc-win32-arm64-msvc@16.0.3 OK for: next@16.0.3 want: 16.0.3
234 silly placeDep ROOT @next/swc-win32-x64-msvc@16.0.3 OK for: next@16.0.3 want: 16.0.3
235 silly placeDep ROOT @swc/helpers@0.5.15 OK for: next@16.0.3 want: 0.5.15
236 silly placeDep ROOT caniuse-lite@1.0.30001756 OK for: next@16.0.3 want: ^1.0.30001579
237 silly placeDep ROOT postcss@8.4.31 OK for: next@16.0.3 want: 8.4.31
238 silly placeDep ROOT sharp@0.34.5 OK for: next@16.0.3 want: ^0.34.4
239 silly placeDep ROOT styled-jsx@5.1.6 OK for: next@16.0.3 want: 5.1.6
240 silly fetch manifest nanoid@^3.3.6
241 silly fetch manifest picocolors@^1.0.0
242 silly fetch manifest source-map-js@^1.0.2
243 silly fetch manifest @img/colour@^1.0.0
244 silly fetch manifest detect-libc@^2.1.2
245 silly fetch manifest semver@^7.7.3
246 silly fetch manifest @img/sharp-darwin-arm64@0.34.5
247 http fetch GET 200 https://registry.npmjs.org/source-map-js 77ms (cache miss)
248 silly fetch manifest @img/sharp-darwin-x64@0.34.5
249 http fetch GET 200 https://registry.npmjs.org/detect-libc 81ms (cache miss)
250 silly fetch manifest @img/sharp-libvips-darwin-arm64@1.2.4
251 http fetch GET 200 https://registry.npmjs.org/@img%2fsharp-darwin-arm64 85ms (cache miss)
252 silly fetch manifest @img/sharp-libvips-darwin-x64@1.2.4
253 http fetch GET 200 https://registry.npmjs.org/nanoid 106ms (cache miss)
254 silly fetch manifest @img/sharp-libvips-linux-arm@1.2.4
255 http fetch GET 200 https://registry.npmjs.org/semver 110ms (cache miss)
256 silly fetch manifest @img/sharp-libvips-linux-arm64@1.2.4
257 http fetch GET 200 https://registry.npmjs.org/@img%2fcolour 114ms (cache miss)
258 silly fetch manifest @img/sharp-libvips-linux-ppc64@1.2.4
259 http fetch GET 200 https://registry.npmjs.org/picocolors 115ms (cache miss)
260 silly fetch manifest @img/sharp-libvips-linux-riscv64@1.2.4
261 http fetch GET 200 https://registry.npmjs.org/@img%2fsharp-darwin-x64 89ms (cache miss)
262 silly fetch manifest @img/sharp-libvips-linux-s390x@1.2.4
263 http fetch GET 200 https://registry.npmjs.org/@img%2fsharp-libvips-linux-arm 77ms (cache miss)
264 silly fetch manifest @img/sharp-libvips-linux-x64@1.2.4
265 http fetch GET 200 https://registry.npmjs.org/@img%2fsharp-libvips-darwin-arm64 104ms (cache miss)
266 silly fetch manifest @img/sharp-libvips-linuxmusl-arm64@1.2.4
267 http fetch GET 200 https://registry.npmjs.org/@img%2fsharp-libvips-linux-ppc64 89ms (cache miss)
268 silly fetch manifest @img/sharp-libvips-linuxmusl-x64@1.2.4
269 http fetch GET 200 https://registry.npmjs.org/@img%2fsharp-libvips-linux-arm64 92ms (cache miss)
270 silly fetch manifest @img/sharp-linux-arm@0.34.5
271 http fetch GET 200 https://registry.npmjs.org/@img%2fsharp-libvips-darwin-x64 120ms (cache miss)
272 silly fetch manifest @img/sharp-linux-arm64@0.34.5
273 http fetch GET 200 https://registry.npmjs.org/@img%2fsharp-libvips-linux-riscv64 125ms (cache miss)
274 silly fetch manifest @img/sharp-linux-ppc64@0.34.5
275 http fetch GET 200 https://registry.npmjs.org/@img%2fsharp-libvips-linuxmusl-arm64 67ms (cache miss)
276 silly fetch manifest @img/sharp-linux-riscv64@0.34.5
277 http fetch GET 200 https://registry.npmjs.org/@img%2fsharp-libvips-linux-s390x 96ms (cache miss)
278 silly fetch manifest @img/sharp-linux-s390x@0.34.5
279 http fetch GET 200 https://registry.npmjs.org/@img%2fsharp-libvips-linux-x64 97ms (cache miss)
280 silly fetch manifest @img/sharp-linux-x64@0.34.5
281 http fetch GET 200 https://registry.npmjs.org/@img%2fsharp-libvips-linuxmusl-x64 83ms (cache miss)
282 silly fetch manifest @img/sharp-linuxmusl-arm64@0.34.5
283 http fetch GET 200 https://registry.npmjs.org/@img%2fsharp-linux-arm 94ms (cache miss)
284 silly fetch manifest @img/sharp-linuxmusl-x64@0.34.5
285 http fetch GET 200 https://registry.npmjs.org/@img%2fsharp-linux-arm64 92ms (cache miss)
286 silly fetch manifest @img/sharp-wasm32@0.34.5
287 http fetch GET 200 https://registry.npmjs.org/@img%2fsharp-linux-riscv64 59ms (cache miss)
288 silly fetch manifest @img/sharp-win32-arm64@0.34.5
289 http fetch GET 200 https://registry.npmjs.org/@img%2fsharp-linux-ppc64 121ms (cache miss)
290 silly fetch manifest @img/sharp-win32-ia32@0.34.5
291 http fetch GET 200 https://registry.npmjs.org/@img%2fsharp-linux-x64 100ms (cache miss)
292 silly fetch manifest @img/sharp-win32-x64@0.34.5
293 http fetch GET 200 https://registry.npmjs.org/@img%2fsharp-linuxmusl-arm64 99ms (cache miss)
294 silly fetch manifest client-only@0.0.1
295 http fetch GET 200 https://registry.npmjs.org/@img%2fsharp-win32-arm64 77ms (cache miss)
296 http fetch GET 200 https://registry.npmjs.org/@img%2fsharp-linux-s390x 129ms (cache miss)
297 http fetch GET 200 https://registry.npmjs.org/@img%2fsharp-linuxmusl-x64 125ms (cache miss)
298 http fetch GET 200 https://registry.npmjs.org/@img%2fsharp-wasm32 136ms (cache miss)
299 http fetch GET 200 https://registry.npmjs.org/client-only 52ms (cache miss)
300 http fetch GET 200 https://registry.npmjs.org/@img%2fsharp-win32-ia32 103ms (cache miss)
301 http fetch GET 200 https://registry.npmjs.org/@img%2fsharp-win32-x64 128ms (cache miss)
302 silly placeDep node_modules/parse5 entities@6.0.1 OK for: parse5@7.3.0 want: ^6.0.0
303 silly placeDep ROOT nanoid@3.3.11 OK for: postcss@8.4.31 want: ^3.3.6
304 silly placeDep ROOT picocolors@1.1.1 OK for: postcss@8.4.31 want: ^1.0.0
305 silly placeDep ROOT source-map-js@1.2.1 OK for: postcss@8.4.31 want: ^1.0.2
306 silly placeDep ROOT scheduler@0.27.0 OK for: react-dom@19.2.0 want: ^0.27.0
307 silly placeDep ROOT @img/colour@1.0.0 OK for: sharp@0.34.5 want: ^1.0.0
308 silly placeDep ROOT @img/sharp-darwin-arm64@0.34.5 OK for: sharp@0.34.5 want: 0.34.5
309 silly placeDep ROOT @img/sharp-darwin-x64@0.34.5 OK for: sharp@0.34.5 want: 0.34.5
310 silly placeDep ROOT @img/sharp-libvips-darwin-arm64@1.2.4 OK for: sharp@0.34.5 want: 1.2.4
311 silly placeDep ROOT @img/sharp-libvips-darwin-x64@1.2.4 OK for: sharp@0.34.5 want: 1.2.4
312 silly placeDep ROOT @img/sharp-libvips-linux-arm@1.2.4 OK for: sharp@0.34.5 want: 1.2.4
313 silly placeDep ROOT @img/sharp-libvips-linux-arm64@1.2.4 OK for: sharp@0.34.5 want: 1.2.4
314 silly placeDep ROOT @img/sharp-libvips-linux-ppc64@1.2.4 OK for: sharp@0.34.5 want: 1.2.4
315 silly placeDep ROOT @img/sharp-libvips-linux-riscv64@1.2.4 OK for: sharp@0.34.5 want: 1.2.4
316 silly placeDep ROOT @img/sharp-libvips-linux-s390x@1.2.4 OK for: sharp@0.34.5 want: 1.2.4
317 silly placeDep ROOT @img/sharp-libvips-linux-x64@1.2.4 OK for: sharp@0.34.5 want: 1.2.4
318 silly placeDep ROOT @img/sharp-libvips-linuxmusl-arm64@1.2.4 OK for: sharp@0.34.5 want: 1.2.4
319 silly placeDep ROOT @img/sharp-libvips-linuxmusl-x64@1.2.4 OK for: sharp@0.34.5 want: 1.2.4
320 silly placeDep ROOT @img/sharp-linux-arm@0.34.5 OK for: sharp@0.34.5 want: 0.34.5
321 silly placeDep ROOT @img/sharp-linux-arm64@0.34.5 OK for: sharp@0.34.5 want: 0.34.5
322 silly placeDep ROOT @img/sharp-linux-ppc64@0.34.5 OK for: sharp@0.34.5 want: 0.34.5
323 silly placeDep ROOT @img/sharp-linux-riscv64@0.34.5 OK for: sharp@0.34.5 want: 0.34.5
324 silly placeDep ROOT @img/sharp-linux-s390x@0.34.5 OK for: sharp@0.34.5 want: 0.34.5
325 silly placeDep ROOT @img/sharp-linux-x64@0.34.5 OK for: sharp@0.34.5 want: 0.34.5
326 silly placeDep ROOT @img/sharp-linuxmusl-arm64@0.34.5 OK for: sharp@0.34.5 want: 0.34.5
327 silly placeDep ROOT @img/sharp-linuxmusl-x64@0.34.5 OK for: sharp@0.34.5 want: 0.34.5
328 silly placeDep ROOT @img/sharp-wasm32@0.34.5 OK for: sharp@0.34.5 want: 0.34.5
329 silly placeDep ROOT @img/sharp-win32-arm64@0.34.5 OK for: sharp@0.34.5 want: 0.34.5
330 silly placeDep ROOT @img/sharp-win32-ia32@0.34.5 OK for: sharp@0.34.5 want: 0.34.5
331 silly placeDep ROOT @img/sharp-win32-x64@0.34.5 OK for: sharp@0.34.5 want: 0.34.5
332 silly placeDep ROOT detect-libc@2.1.2 OK for: sharp@0.34.5 want: ^2.1.2
333 silly placeDep ROOT semver@7.7.3 OK for: sharp@0.34.5 want: ^7.7.3
334 silly fetch manifest @emnapi/runtime@^1.7.0
335 http fetch GET 200 https://registry.npmjs.org/@emnapi%2fruntime 101ms (cache miss)
336 silly placeDep ROOT @emnapi/runtime@1.7.1 OK for: @img/sharp-wasm32@0.34.5 want: ^1.7.0
337 silly placeDep ROOT client-only@0.0.1 OK for: styled-jsx@5.1.6 want: 0.0.1
338 warn EBADENGINE Unsupported engine {
338 warn EBADENGINE   package: 'cheerio@1.1.2',
338 warn EBADENGINE   required: { node: '>=20.18.1' },
338 warn EBADENGINE   current: { node: 'v20.15.1', npm: '10.7.0' }
338 warn EBADENGINE }
339 warn EBADENGINE Unsupported engine {
339 warn EBADENGINE   package: 'undici@7.16.0',
339 warn EBADENGINE   required: { node: '>=20.18.1' },
339 warn EBADENGINE   current: { node: 'v20.15.1', npm: '10.7.0' }
339 warn EBADENGINE }
340 silly reify moves {}
341 silly audit bulk request {
341 silly audit   '@radix-ui/react-accordion': [ '1.2.12' ],
341 silly audit   '@radix-ui/react-label': [ '2.1.8' ],
341 silly audit   '@radix-ui/react-progress': [ '1.1.8' ],
341 silly audit   '@radix-ui/react-slot': [ '1.2.4', '1.2.3' ],
341 silly audit   cheerio: [ '1.1.2' ],
341 silly audit   'class-variance-authority': [ '0.7.1' ],
341 silly audit   clsx: [ '2.1.1' ],
341 silly audit   'framer-motion': [ '12.23.24' ],
341 silly audit   'lucide-react': [ '0.554.0' ],
341 silly audit   next: [ '16.0.3' ],
341 silly audit   react: [ '19.2.0' ],
341 silly audit   'react-dom': [ '19.2.0' ],
341 silly audit   'tailwind-merge': [ '3.4.0' ],
341 silly audit   zod: [ '4.1.12' ],
341 silly audit   '@radix-ui/primitive': [ '1.1.3' ],
341 silly audit   '@radix-ui/react-collapsible': [ '1.1.12' ],
341 silly audit   '@radix-ui/react-collection': [ '1.1.7' ],
341 silly audit   '@radix-ui/react-compose-refs': [ '1.1.2' ],
341 silly audit   '@radix-ui/react-context': [ '1.1.2', '1.1.3' ],
341 silly audit   '@radix-ui/react-direction': [ '1.1.1' ],
341 silly audit   '@radix-ui/react-id': [ '1.1.1' ],
341 silly audit   '@radix-ui/react-primitive': [ '2.1.3', '2.1.4' ],
341 silly audit   '@radix-ui/react-use-controllable-state': [ '1.2.2' ],
341 silly audit   '@radix-ui/react-presence': [ '1.1.5' ],
341 silly audit   '@radix-ui/react-use-layout-effect': [ '1.1.1' ],
341 silly audit   '@radix-ui/react-use-effect-event': [ '0.0.2' ],
341 silly audit   'cheerio-select': [ '2.1.0' ],
341 silly audit   'dom-serializer': [ '2.0.0' ],
341 silly audit   domhandler: [ '5.0.3' ],
341 silly audit   domutils: [ '3.2.2' ],
341 silly audit   'encoding-sniffer': [ '0.2.1' ],
341 silly audit   htmlparser2: [ '10.0.0' ],
341 silly audit   parse5: [ '7.3.0' ],
341 silly audit   'parse5-htmlparser2-tree-adapter': [ '7.1.0' ],
341 silly audit   'parse5-parser-stream': [ '7.1.2' ],
341 silly audit   undici: [ '7.16.0' ],
341 silly audit   'whatwg-mimetype': [ '4.0.0' ],
341 silly audit   boolbase: [ '1.0.0' ],
341 silly audit   'css-select': [ '5.2.2' ],
341 silly audit   'css-what': [ '6.2.2' ],
341 silly audit   domelementtype: [ '2.3.0' ],
341 silly audit   'nth-check': [ '2.1.1' ],
341 silly audit   entities: [ '4.5.0', '6.0.1' ],
341 silly audit   'iconv-lite': [ '0.6.3' ],
341 silly audit   'whatwg-encoding': [ '3.1.1' ],
341 silly audit   'motion-dom': [ '12.23.23' ],
341 silly audit   'motion-utils': [ '12.23.6' ],
341 silly audit   tslib: [ '2.8.1' ],
341 silly audit   'safer-buffer': [ '2.1.2' ],
341 silly audit   '@next/env': [ '16.0.3' ],
341 silly audit   '@next/swc-darwin-arm64': [ '16.0.3' ],
341 silly audit   '@next/swc-darwin-x64': [ '16.0.3' ],
341 silly audit   '@next/swc-linux-arm64-gnu': [ '16.0.3' ],
341 silly audit   '@next/swc-linux-arm64-musl': [ '16.0.3' ],
341 silly audit   '@next/swc-linux-x64-gnu': [ '16.0.3' ],
341 silly audit   '@next/swc-linux-x64-musl': [ '16.0.3' ],
341 silly audit   '@next/swc-win32-arm64-msvc': [ '16.0.3' ],
341 silly audit   '@next/swc-win32-x64-msvc': [ '16.0.3' ],
341 silly audit   '@swc/helpers': [ '0.5.15' ],
341 silly audit   'caniuse-lite': [ '1.0.30001756' ],
341 silly audit   postcss: [ '8.4.31' ],
341 silly audit   sharp: [ '0.34.5' ],
341 silly audit   'styled-jsx': [ '5.1.6' ],
341 silly audit   nanoid: [ '3.3.11' ],
341 silly audit   picocolors: [ '1.1.1' ],
341 silly audit   'source-map-js': [ '1.2.1' ],
341 silly audit   scheduler: [ '0.27.0' ],
341 silly audit   '@img/colour': [ '1.0.0' ],
341 silly audit   '@img/sharp-darwin-arm64': [ '0.34.5' ],
341 silly audit   '@img/sharp-darwin-x64': [ '0.34.5' ],
341 silly audit   '@img/sharp-libvips-darwin-arm64': [ '1.2.4' ],
341 silly audit   '@img/sharp-libvips-darwin-x64': [ '1.2.4' ],
341 silly audit   '@img/sharp-libvips-linux-arm': [ '1.2.4' ],
341 silly audit   '@img/sharp-libvips-linux-arm64': [ '1.2.4' ],
341 silly audit   '@img/sharp-libvips-linux-ppc64': [ '1.2.4' ],
341 silly audit   '@img/sharp-libvips-linux-riscv64': [ '1.2.4' ],
341 silly audit   '@img/sharp-libvips-linux-s390x': [ '1.2.4' ],
341 silly audit   '@img/sharp-libvips-linux-x64': [ '1.2.4' ],
341 silly audit   '@img/sharp-libvips-linuxmusl-arm64': [ '1.2.4' ],
341 silly audit   '@img/sharp-libvips-linuxmusl-x64': [ '1.2.4' ],
341 silly audit   '@img/sharp-linux-arm': [ '0.34.5' ],
341 silly audit   '@img/sharp-linux-arm64': [ '0.34.5' ],
341 silly audit   '@img/sharp-linux-ppc64': [ '0.34.5' ],
341 silly audit   '@img/sharp-linux-riscv64': [ '0.34.5' ],
341 silly audit   '@img/sharp-linux-s390x': [ '0.34.5' ],
341 silly audit   '@img/sharp-linux-x64': [ '0.34.5' ],
341 silly audit   '@img/sharp-linuxmusl-arm64': [ '0.34.5' ],
341 silly audit   '@img/sharp-linuxmusl-x64': [ '0.34.5' ],
341 silly audit   '@img/sharp-wasm32': [ '0.34.5' ],
341 silly audit   '@img/sharp-win32-arm64': [ '0.34.5' ],
341 silly audit   '@img/sharp-win32-ia32': [ '0.34.5' ],
341 silly audit   '@img/sharp-win32-x64': [ '0.34.5' ],
341 silly audit   'detect-libc': [ '2.1.2' ],
341 silly audit   semver: [ '7.7.3' ],
341 silly audit   '@emnapi/runtime': [ '1.7.1' ],
341 silly audit   'client-only': [ '0.0.1' ]
341 silly audit }
342 verbose reify failed optional dependency /Users/jeffreyliknes/Documents/Projects/AI Visibility Toolkit/node_modules/@img/sharp-win32-x64
343 silly reify mark deleted [
343 silly reify   '/Users/jeffreyliknes/Documents/Projects/AI Visibility Toolkit/node_modules/@img/sharp-win32-x64'
343 silly reify ]
344 verbose reify failed optional dependency /Users/jeffreyliknes/Documents/Projects/AI Visibility Toolkit/node_modules/@img/sharp-win32-ia32
345 silly reify mark deleted [
345 silly reify   '/Users/jeffreyliknes/Documents/Projects/AI Visibility Toolkit/node_modules/@img/sharp-win32-ia32'
345 silly reify ]
346 verbose reify failed optional dependency /Users/jeffreyliknes/Documents/Projects/AI Visibility Toolkit/node_modules/@img/sharp-win32-arm64
347 silly reify mark deleted [
347 silly reify   '/Users/jeffreyliknes/Documents/Projects/AI Visibility Toolkit/node_modules/@img/sharp-win32-arm64'
347 silly reify ]
348 verbose reify failed optional dependency /Users/jeffreyliknes/Documents/Projects/AI Visibility Toolkit/node_modules/@img/sharp-wasm32
349 silly reify mark deleted [
349 silly reify   '/Users/jeffreyliknes/Documents/Projects/AI Visibility Toolkit/node_modules/@img/sharp-wasm32'
349 silly reify ]
350 verbose reify failed optional dependency /Users/jeffreyliknes/Documents/Projects/AI Visibility Toolkit/node_modules/@emnapi/runtime
351 silly reify mark deleted [
351 silly reify   '/Users/jeffreyliknes/Documents/Projects/AI Visibility Toolkit/node_modules/@emnapi/runtime'
351 silly reify ]
352 verbose reify failed optional dependency /Users/jeffreyliknes/Documents/Projects/AI Visibility Toolkit/node_modules/@img/sharp-linuxmusl-x64
353 silly reify mark deleted [
353 silly reify   '/Users/jeffreyliknes/Documents/Projects/AI Visibility Toolkit/node_modules/@img/sharp-linuxmusl-x64'
353 silly reify ]
354 verbose reify failed optional dependency /Users/jeffreyliknes/Documents/Projects/AI Visibility Toolkit/node_modules/@img/sharp-linuxmusl-arm64
355 silly reify mark deleted [
355 silly reify   '/Users/jeffreyliknes/Documents/Projects/AI Visibility Toolkit/node_modules/@img/sharp-linuxmusl-arm64'
355 silly reify ]
356 verbose reify failed optional dependency /Users/jeffreyliknes/Documents/Projects/AI Visibility Toolkit/node_modules/@img/sharp-linux-x64
357 silly reify mark deleted [
357 silly reify   '/Users/jeffreyliknes/Documents/Projects/AI Visibility Toolkit/node_modules/@img/sharp-linux-x64'
357 silly reify ]
358 verbose reify failed optional dependency /Users/jeffreyliknes/Documents/Projects/AI Visibility Toolkit/node_modules/@img/sharp-linux-s390x
359 silly reify mark deleted [
359 silly reify   '/Users/jeffreyliknes/Documents/Projects/AI Visibility Toolkit/node_modules/@img/sharp-linux-s390x'
359 silly reify ]
360 verbose reify failed optional dependency /Users/jeffreyliknes/Documents/Projects/AI Visibility Toolkit/node_modules/@img/sharp-linux-riscv64
361 silly reify mark deleted [
361 silly reify   '/Users/jeffreyliknes/Documents/Projects/AI Visibility Toolkit/node_modules/@img/sharp-linux-riscv64'
361 silly reify ]
362 verbose reify failed optional dependency /Users/jeffreyliknes/Documents/Projects/AI Visibility Toolkit/node_modules/@img/sharp-linux-ppc64
363 silly reify mark deleted [
363 silly reify   '/Users/jeffreyliknes/Documents/Projects/AI Visibility Toolkit/node_modules/@img/sharp-linux-ppc64'
363 silly reify ]
364 verbose reify failed optional dependency /Users/jeffreyliknes/Documents/Projects/AI Visibility Toolkit/node_modules/@img/sharp-linux-arm64
365 silly reify mark deleted [
365 silly reify   '/Users/jeffreyliknes/Documents/Projects/AI Visibility Toolkit/node_modules/@img/sharp-linux-arm64'
365 silly reify ]
366 verbose reify failed optional dependency /Users/jeffreyliknes/Documents/Projects/AI Visibility Toolkit/node_modules/@img/sharp-linux-arm
367 silly reify mark deleted [
367 silly reify   '/Users/jeffreyliknes/Documents/Projects/AI Visibility Toolkit/node_modules/@img/sharp-linux-arm'
367 silly reify ]
368 verbose reify failed optional dependency /Users/jeffreyliknes/Documents/Projects/AI Visibility Toolkit/node_modules/@img/sharp-libvips-linuxmusl-x64
369 silly reify mark deleted [
369 silly reify   '/Users/jeffreyliknes/Documents/Projects/AI Visibility Toolkit/node_modules/@img/sharp-libvips-linuxmusl-x64'
369 silly reify ]
370 verbose reify failed optional dependency /Users/jeffreyliknes/Documents/Projects/AI Visibility Toolkit/node_modules/@img/sharp-libvips-linuxmusl-arm64
371 silly reify mark deleted [
371 silly reify   '/Users/jeffreyliknes/Documents/Projects/AI Visibility Toolkit/node_modules/@img/sharp-libvips-linuxmusl-arm64'
371 silly reify ]
372 verbose reify failed optional dependency /Users/jeffreyliknes/Documents/Projects/AI Visibility Toolkit/node_modules/@img/sharp-libvips-linux-x64
373 silly reify mark deleted [
373 silly reify   '/Users/jeffreyliknes/Documents/Projects/AI Visibility Toolkit/node_modules/@img/sharp-libvips-linux-x64'
373 silly reify ]
374 verbose reify failed optional dependency /Users/jeffreyliknes/Documents/Projects/AI Visibility Toolkit/node_modules/@img/sharp-libvips-linux-s390x
375 silly reify mark deleted [
375 silly reify   '/Users/jeffreyliknes/Documents/Projects/AI Visibility Toolkit/node_modules/@img/sharp-libvips-linux-s390x'
375 silly reify ]
376 verbose reify failed optional dependency /Users/jeffreyliknes/Documents/Projects/AI Visibility Toolkit/node_modules/@img/sharp-libvips-linux-riscv64
377 silly reify mark deleted [
377 silly reify   '/Users/jeffreyliknes/Documents/Projects/AI Visibility Toolkit/node_modules/@img/sharp-libvips-linux-riscv64'
377 silly reify ]
378 verbose reify failed optional dependency /Users/jeffreyliknes/Documents/Projects/AI Visibility Toolkit/node_modules/@img/sharp-libvips-linux-ppc64
379 silly reify mark deleted [
379 silly reify   '/Users/jeffreyliknes/Documents/Projects/AI Visibility Toolkit/node_modules/@img/sharp-libvips-linux-ppc64'
379 silly reify ]
380 verbose reify failed optional dependency /Users/jeffreyliknes/Documents/Projects/AI Visibility Toolkit/node_modules/@img/sharp-libvips-linux-arm64
381 silly reify mark deleted [
381 silly reify   '/Users/jeffreyliknes/Documents/Projects/AI Visibility Toolkit/node_modules/@img/sharp-libvips-linux-arm64'
381 silly reify ]
382 verbose reify failed optional dependency /Users/jeffreyliknes/Documents/Projects/AI Visibility Toolkit/node_modules/@img/sharp-libvips-linux-arm
383 silly reify mark deleted [
383 silly reify   '/Users/jeffreyliknes/Documents/Projects/AI Visibility Toolkit/node_modules/@img/sharp-libvips-linux-arm'
383 silly reify ]
384 verbose reify failed optional dependency /Users/jeffreyliknes/Documents/Projects/AI Visibility Toolkit/node_modules/@img/sharp-libvips-darwin-x64
385 silly reify mark deleted [
385 silly reify   '/Users/jeffreyliknes/Documents/Projects/AI Visibility Toolkit/node_modules/@img/sharp-libvips-darwin-x64'
385 silly reify ]
386 verbose reify failed optional dependency /Users/jeffreyliknes/Documents/Projects/AI Visibility Toolkit/node_modules/@img/sharp-darwin-x64
387 silly reify mark deleted [
387 silly reify   '/Users/jeffreyliknes/Documents/Projects/AI Visibility Toolkit/node_modules/@img/sharp-darwin-x64'
387 silly reify ]
388 verbose reify failed optional dependency /Users/jeffreyliknes/Documents/Projects/AI Visibility Toolkit/node_modules/@next/swc-win32-x64-msvc
389 silly reify mark deleted [
389 silly reify   '/Users/jeffreyliknes/Documents/Projects/AI Visibility Toolkit/node_modules/@next/swc-win32-x64-msvc'
389 silly reify ]
390 verbose reify failed optional dependency /Users/jeffreyliknes/Documents/Projects/AI Visibility Toolkit/node_modules/@next/swc-win32-arm64-msvc
391 silly reify mark deleted [
391 silly reify   '/Users/jeffreyliknes/Documents/Projects/AI Visibility Toolkit/node_modules/@next/swc-win32-arm64-msvc'
391 silly reify ]
392 verbose reify failed optional dependency /Users/jeffreyliknes/Documents/Projects/AI Visibility Toolkit/node_modules/@next/swc-linux-x64-musl
393 silly reify mark deleted [
393 silly reify   '/Users/jeffreyliknes/Documents/Projects/AI Visibility Toolkit/node_modules/@next/swc-linux-x64-musl'
393 silly reify ]
394 verbose reify failed optional dependency /Users/jeffreyliknes/Documents/Projects/AI Visibility Toolkit/node_modules/@next/swc-linux-x64-gnu
395 silly reify mark deleted [
395 silly reify   '/Users/jeffreyliknes/Documents/Projects/AI Visibility Toolkit/node_modules/@next/swc-linux-x64-gnu'
395 silly reify ]
396 verbose reify failed optional dependency /Users/jeffreyliknes/Documents/Projects/AI Visibility Toolkit/node_modules/@next/swc-linux-arm64-musl
397 silly reify mark deleted [
397 silly reify   '/Users/jeffreyliknes/Documents/Projects/AI Visibility Toolkit/node_modules/@next/swc-linux-arm64-musl'
397 silly reify ]
398 verbose reify failed optional dependency /Users/jeffreyliknes/Documents/Projects/AI Visibility Toolkit/node_modules/@next/swc-linux-arm64-gnu
399 silly reify mark deleted [
399 silly reify   '/Users/jeffreyliknes/Documents/Projects/AI Visibility Toolkit/node_modules/@next/swc-linux-arm64-gnu'
399 silly reify ]
400 verbose reify failed optional dependency /Users/jeffreyliknes/Documents/Projects/AI Visibility Toolkit/node_modules/@next/swc-darwin-x64
401 silly reify mark deleted [
401 silly reify   '/Users/jeffreyliknes/Documents/Projects/AI Visibility Toolkit/node_modules/@next/swc-darwin-x64'
401 silly reify ]
402 silly tarball no local data for @emnapi/runtime@https://registry.npmjs.org/@emnapi/runtime/-/runtime-1.7.1.tgz. Extracting by manifest.
403 silly tarball no local data for client-only@https://registry.npmjs.org/client-only/-/client-only-0.0.1.tgz. Extracting by manifest.
404 silly tarball no local data for detect-libc@https://registry.npmjs.org/detect-libc/-/detect-libc-2.1.2.tgz. Extracting by manifest.
405 silly tarball no local data for @img/sharp-libvips-darwin-arm64@https://registry.npmjs.org/@img/sharp-libvips-darwin-arm64/-/sharp-libvips-darwin-arm64-1.2.4.tgz. Extracting by manifest.
406 silly tarball no local data for semver@https://registry.npmjs.org/semver/-/semver-7.7.3.tgz. Extracting by manifest.
407 silly tarball no local data for @img/colour@https://registry.npmjs.org/@img/colour/-/colour-1.0.0.tgz. Extracting by manifest.
408 silly tarball no local data for @img/sharp-darwin-arm64@https://registry.npmjs.org/@img/sharp-darwin-arm64/-/sharp-darwin-arm64-0.34.5.tgz. Extracting by manifest.
409 silly tarball no local data for scheduler@https://registry.npmjs.org/scheduler/-/scheduler-0.27.0.tgz. Extracting by manifest.
410 silly tarball no local data for source-map-js@https://registry.npmjs.org/source-map-js/-/source-map-js-1.2.1.tgz. Extracting by manifest.
411 silly tarball no local data for picocolors@https://registry.npmjs.org/picocolors/-/picocolors-1.1.1.tgz. Extracting by manifest.
412 silly tarball no local data for nanoid@https://registry.npmjs.org/nanoid/-/nanoid-3.3.11.tgz. Extracting by manifest.
413 silly tarball no local data for styled-jsx@https://registry.npmjs.org/styled-jsx/-/styled-jsx-5.1.6.tgz. Extracting by manifest.
414 silly tarball no local data for postcss@https://registry.npmjs.org/postcss/-/postcss-8.4.31.tgz. Extracting by manifest.
415 silly tarball no local data for caniuse-lite@https://registry.npmjs.org/caniuse-lite/-/caniuse-lite-1.0.30001756.tgz. Extracting by manifest.
416 silly tarball no local data for @swc/helpers@https://registry.npmjs.org/@swc/helpers/-/helpers-0.5.15.tgz. Extracting by manifest.
417 silly tarball no local data for @next/swc-darwin-arm64@https://registry.npmjs.org/@next/swc-darwin-arm64/-/swc-darwin-arm64-16.0.3.tgz. Extracting by manifest.
418 silly tarball no local data for @next/env@https://registry.npmjs.org/@next/env/-/env-16.0.3.tgz. Extracting by manifest.
419 silly tarball no local data for sharp@https://registry.npmjs.org/sharp/-/sharp-0.34.5.tgz. Extracting by manifest.
420 silly tarball no local data for safer-buffer@https://registry.npmjs.org/safer-buffer/-/safer-buffer-2.1.2.tgz. Extracting by manifest.
421 silly tarball no local data for tslib@https://registry.npmjs.org/tslib/-/tslib-2.8.1.tgz. Extracting by manifest.
422 silly tarball no local data for motion-utils@https://registry.npmjs.org/motion-utils/-/motion-utils-12.23.6.tgz. Extracting by manifest.
423 silly tarball no local data for motion-dom@https://registry.npmjs.org/motion-dom/-/motion-dom-12.23.23.tgz. Extracting by manifest.
424 silly tarball no local data for whatwg-encoding@https://registry.npmjs.org/whatwg-encoding/-/whatwg-encoding-3.1.1.tgz. Extracting by manifest.
425 silly tarball no local data for iconv-lite@https://registry.npmjs.org/iconv-lite/-/iconv-lite-0.6.3.tgz. Extracting by manifest.
426 silly tarball no local data for entities@https://registry.npmjs.org/entities/-/entities-4.5.0.tgz. Extracting by manifest.
427 silly tarball no local data for nth-check@https://registry.npmjs.org/nth-check/-/nth-check-2.1.1.tgz. Extracting by manifest.
428 silly tarball no local data for domelementtype@https://registry.npmjs.org/domelementtype/-/domelementtype-2.3.0.tgz. Extracting by manifest.
429 silly tarball no local data for css-what@https://registry.npmjs.org/css-what/-/css-what-6.2.2.tgz. Extracting by manifest.
430 silly tarball no local data for css-select@https://registry.npmjs.org/css-select/-/css-select-5.2.2.tgz. Extracting by manifest.
431 silly tarball no local data for boolbase@https://registry.npmjs.org/boolbase/-/boolbase-1.0.0.tgz. Extracting by manifest.
432 silly tarball no local data for whatwg-mimetype@https://registry.npmjs.org/whatwg-mimetype/-/whatwg-mimetype-4.0.0.tgz. Extracting by manifest.
433 silly tarball no local data for undici@https://registry.npmjs.org/undici/-/undici-7.16.0.tgz. Extracting by manifest.
434 silly tarball no local data for parse5-parser-stream@https://registry.npmjs.org/parse5-parser-stream/-/parse5-parser-stream-7.1.2.tgz. Extracting by manifest.
435 silly tarball no local data for parse5-htmlparser2-tree-adapter@https://registry.npmjs.org/parse5-htmlparser2-tree-adapter/-/parse5-htmlparser2-tree-adapter-7.1.0.tgz. Extracting by manifest.
436 silly tarball no local data for parse5@https://registry.npmjs.org/parse5/-/parse5-7.3.0.tgz. Extracting by manifest.
437 silly tarball no local data for htmlparser2@https://registry.npmjs.org/htmlparser2/-/htmlparser2-10.0.0.tgz. Extracting by manifest.
438 silly tarball no local data for encoding-sniffer@https://registry.npmjs.org/encoding-sniffer/-/encoding-sniffer-0.2.1.tgz. Extracting by manifest.
439 silly tarball no local data for domutils@https://registry.npmjs.org/domutils/-/domutils-3.2.2.tgz. Extracting by manifest.
440 silly tarball no local data for domhandler@https://registry.npmjs.org/domhandler/-/domhandler-5.0.3.tgz. Extracting by manifest.
441 silly tarball no local data for dom-serializer@https://registry.npmjs.org/dom-serializer/-/dom-serializer-2.0.0.tgz. Extracting by manifest.
442 silly tarball no local data for cheerio-select@https://registry.npmjs.org/cheerio-select/-/cheerio-select-2.1.0.tgz. Extracting by manifest.
443 silly tarball no local data for @radix-ui/react-use-effect-event@https://registry.npmjs.org/@radix-ui/react-use-effect-event/-/react-use-effect-event-0.0.2.tgz. Extracting by manifest.
444 silly tarball no local data for @radix-ui/react-presence@https://registry.npmjs.org/@radix-ui/react-presence/-/react-presence-1.1.5.tgz. Extracting by manifest.
445 silly tarball no local data for @radix-ui/react-use-controllable-state@https://registry.npmjs.org/@radix-ui/react-use-controllable-state/-/react-use-controllable-state-1.2.2.tgz. Extracting by manifest.
446 silly tarball no local data for @radix-ui/react-primitive@https://registry.npmjs.org/@radix-ui/react-primitive/-/react-primitive-2.1.3.tgz. Extracting by manifest.
447 silly tarball no local data for @radix-ui/react-direction@https://registry.npmjs.org/@radix-ui/react-direction/-/react-direction-1.1.1.tgz. Extracting by manifest.
448 silly tarball no local data for @radix-ui/react-context@https://registry.npmjs.org/@radix-ui/react-context/-/react-context-1.1.2.tgz. Extracting by manifest.
449 silly tarball no local data for @radix-ui/react-id@https://registry.npmjs.org/@radix-ui/react-id/-/react-id-1.1.1.tgz. Extracting by manifest.
450 silly tarball no local data for @radix-ui/react-compose-refs@https://registry.npmjs.org/@radix-ui/react-compose-refs/-/react-compose-refs-1.1.2.tgz. Extracting by manifest.
451 silly tarball no local data for @radix-ui/react-collection@https://registry.npmjs.org/@radix-ui/react-collection/-/react-collection-1.1.7.tgz. Extracting by manifest.
452 silly tarball no local data for @radix-ui/react-collapsible@https://registry.npmjs.org/@radix-ui/react-collapsible/-/react-collapsible-1.1.12.tgz. Extracting by manifest.
453 silly tarball no local data for @radix-ui/primitive@https://registry.npmjs.org/@radix-ui/primitive/-/primitive-1.1.3.tgz. Extracting by manifest.
454 silly tarball no local data for zod@https://registry.npmjs.org/zod/-/zod-4.1.12.tgz. Extracting by manifest.
455 silly tarball no local data for tailwind-merge@https://registry.npmjs.org/tailwind-merge/-/tailwind-merge-3.4.0.tgz. Extracting by manifest.
456 silly tarball no local data for react-dom@https://registry.npmjs.org/react-dom/-/react-dom-19.2.0.tgz. Extracting by manifest.
457 silly tarball no local data for react@https://registry.npmjs.org/react/-/react-19.2.0.tgz. Extracting by manifest.
458 silly tarball no local data for next@https://registry.npmjs.org/next/-/next-16.0.3.tgz. Extracting by manifest.
459 silly tarball no local data for lucide-react@https://registry.npmjs.org/lucide-react/-/lucide-react-0.554.0.tgz. Extracting by manifest.
460 silly tarball no local data for framer-motion@https://registry.npmjs.org/framer-motion/-/framer-motion-12.23.24.tgz. Extracting by manifest.
461 silly tarball no local data for clsx@https://registry.npmjs.org/clsx/-/clsx-2.1.1.tgz. Extracting by manifest.
462 silly tarball no local data for cheerio@https://registry.npmjs.org/cheerio/-/cheerio-1.1.2.tgz. Extracting by manifest.
463 silly tarball no local data for @radix-ui/react-use-layout-effect@https://registry.npmjs.org/@radix-ui/react-use-layout-effect/-/react-use-layout-effect-1.1.1.tgz. Extracting by manifest.
464 silly tarball no local data for @radix-ui/react-slot@https://registry.npmjs.org/@radix-ui/react-slot/-/react-slot-1.2.4.tgz. Extracting by manifest.
465 silly tarball no local data for class-variance-authority@https://registry.npmjs.org/class-variance-authority/-/class-variance-authority-0.7.1.tgz. Extracting by manifest.
466 silly tarball no local data for @radix-ui/react-progress@https://registry.npmjs.org/@radix-ui/react-progress/-/react-progress-1.1.8.tgz. Extracting by manifest.
467 silly tarball no local data for @radix-ui/react-accordion@https://registry.npmjs.org/@radix-ui/react-accordion/-/react-accordion-1.2.12.tgz. Extracting by manifest.
468 silly tarball no local data for @radix-ui/react-label@https://registry.npmjs.org/@radix-ui/react-label/-/react-label-2.1.8.tgz. Extracting by manifest.
469 silly tarball no local data for entities@https://registry.npmjs.org/entities/-/entities-6.0.1.tgz. Extracting by manifest.
470 silly tarball no local data for entities@https://registry.npmjs.org/entities/-/entities-6.0.1.tgz. Extracting by manifest.
471 silly tarball no local data for @radix-ui/react-slot@https://registry.npmjs.org/@radix-ui/react-slot/-/react-slot-1.2.3.tgz. Extracting by manifest.
472 silly tarball no local data for @radix-ui/react-slot@https://registry.npmjs.org/@radix-ui/react-slot/-/react-slot-1.2.3.tgz. Extracting by manifest.
473 silly tarball no local data for @radix-ui/react-primitive@https://registry.npmjs.org/@radix-ui/react-primitive/-/react-primitive-2.1.4.tgz. Extracting by manifest.
474 silly tarball no local data for @radix-ui/react-context@https://registry.npmjs.org/@radix-ui/react-context/-/react-context-1.1.3.tgz. Extracting by manifest.
475 silly tarball no local data for @radix-ui/react-primitive@https://registry.npmjs.org/@radix-ui/react-primitive/-/react-primitive-2.1.4.tgz. Extracting by manifest.
476 http fetch GET 200 https://registry.npmjs.org/detect-libc/-/detect-libc-2.1.2.tgz 93ms (cache miss)
477 http fetch GET 200 https://registry.npmjs.org/client-only/-/client-only-0.0.1.tgz 93ms (cache miss)
478 http fetch GET 200 https://registry.npmjs.org/semver/-/semver-7.7.3.tgz 111ms (cache miss)
479 http fetch GET 200 https://registry.npmjs.org/@emnapi/runtime/-/runtime-1.7.1.tgz 133ms (cache miss)
480 http fetch GET 200 https://registry.npmjs.org/@img/colour/-/colour-1.0.0.tgz 138ms (cache miss)
481 http fetch GET 200 https://registry.npmjs.org/scheduler/-/scheduler-0.27.0.tgz 161ms (cache miss)
482 http fetch GET 200 https://registry.npmjs.org/postcss/-/postcss-8.4.31.tgz 158ms (cache miss)
483 http fetch GET 200 https://registry.npmjs.org/source-map-js/-/source-map-js-1.2.1.tgz 197ms (cache miss)
484 http fetch GET 200 https://registry.npmjs.org/@next/env/-/env-16.0.3.tgz 217ms (cache miss)
485 http fetch GET 200 https://registry.npmjs.org/nanoid/-/nanoid-3.3.11.tgz 224ms (cache miss)
486 http fetch GET 200 https://registry.npmjs.org/sharp/-/sharp-0.34.5.tgz 236ms (cache miss)
487 http fetch POST 200 https://registry.npmjs.org/-/npm/v1/security/advisories/bulk 286ms
488 silly audit report {}
489 http fetch GET 200 https://registry.npmjs.org/safer-buffer/-/safer-buffer-2.1.2.tgz 273ms (cache miss)
490 http fetch GET 200 https://registry.npmjs.org/tslib/-/tslib-2.8.1.tgz 288ms (cache miss)
491 http fetch GET 200 https://registry.npmjs.org/styled-jsx/-/styled-jsx-5.1.6.tgz 295ms (cache miss)
492 http fetch GET 200 https://registry.npmjs.org/picocolors/-/picocolors-1.1.1.tgz 325ms (cache miss)
493 http fetch GET 200 https://registry.npmjs.org/@img/sharp-darwin-arm64/-/sharp-darwin-arm64-0.34.5.tgz 328ms (cache miss)
494 http fetch GET 200 https://registry.npmjs.org/motion-utils/-/motion-utils-12.23.6.tgz 337ms (cache miss)
495 http fetch GET 200 https://registry.npmjs.org/nth-check/-/nth-check-2.1.1.tgz 377ms (cache miss)
496 http fetch GET 200 https://registry.npmjs.org/domelementtype/-/domelementtype-2.3.0.tgz 378ms (cache miss)
497 http fetch GET 200 https://registry.npmjs.org/whatwg-encoding/-/whatwg-encoding-3.1.1.tgz 383ms (cache miss)
498 http fetch GET 200 https://registry.npmjs.org/@swc/helpers/-/helpers-0.5.15.tgz 404ms (cache miss)
499 http fetch GET 200 https://registry.npmjs.org/css-what/-/css-what-6.2.2.tgz 403ms (cache miss)
500 http fetch GET 200 https://registry.npmjs.org/whatwg-mimetype/-/whatwg-mimetype-4.0.0.tgz 421ms (cache miss)
501 http fetch GET 200 https://registry.npmjs.org/entities/-/entities-4.5.0.tgz 431ms (cache miss)
502 http fetch GET 200 https://registry.npmjs.org/boolbase/-/boolbase-1.0.0.tgz 430ms (cache miss)
503 http fetch GET 200 https://registry.npmjs.org/css-select/-/css-select-5.2.2.tgz 432ms (cache miss)
504 http fetch GET 200 https://registry.npmjs.org/motion-dom/-/motion-dom-12.23.23.tgz 435ms (cache miss)
505 http fetch GET 200 https://registry.npmjs.org/parse5-parser-stream/-/parse5-parser-stream-7.1.2.tgz 443ms (cache miss)
506 http fetch GET 200 https://registry.npmjs.org/parse5-htmlparser2-tree-adapter/-/parse5-htmlparser2-tree-adapter-7.1.0.tgz 453ms (cache miss)
507 http fetch GET 200 https://registry.npmjs.org/encoding-sniffer/-/encoding-sniffer-0.2.1.tgz 460ms (cache miss)
508 http fetch GET 200 https://registry.npmjs.org/dom-serializer/-/dom-serializer-2.0.0.tgz 468ms (cache miss)
509 http fetch GET 200 https://registry.npmjs.org/parse5/-/parse5-7.3.0.tgz 492ms (cache miss)
510 http fetch GET 200 https://registry.npmjs.org/iconv-lite/-/iconv-lite-0.6.3.tgz 498ms (cache miss)
511 http fetch GET 200 https://registry.npmjs.org/domhandler/-/domhandler-5.0.3.tgz 497ms (cache miss)
512 http fetch GET 200 https://registry.npmjs.org/htmlparser2/-/htmlparser2-10.0.0.tgz 510ms (cache miss)
513 http fetch GET 200 https://registry.npmjs.org/caniuse-lite/-/caniuse-lite-1.0.30001756.tgz 524ms (cache miss)
514 http fetch GET 200 https://registry.npmjs.org/domutils/-/domutils-3.2.2.tgz 527ms (cache miss)
515 http fetch GET 200 https://registry.npmjs.org/cheerio-select/-/cheerio-select-2.1.0.tgz 526ms (cache miss)
516 http fetch GET 200 https://registry.npmjs.org/@radix-ui/react-use-effect-event/-/react-use-effect-event-0.0.2.tgz 529ms (cache miss)
517 http fetch GET 200 https://registry.npmjs.org/@radix-ui/react-presence/-/react-presence-1.1.5.tgz 533ms (cache miss)
518 http fetch GET 200 https://registry.npmjs.org/@radix-ui/react-direction/-/react-direction-1.1.1.tgz 584ms (cache miss)
519 http fetch GET 200 https://registry.npmjs.org/@radix-ui/react-use-controllable-state/-/react-use-controllable-state-1.2.2.tgz 589ms (cache miss)
520 http fetch GET 200 https://registry.npmjs.org/@radix-ui/react-context/-/react-context-1.1.2.tgz 596ms (cache miss)
521 http fetch GET 200 https://registry.npmjs.org/@radix-ui/react-compose-refs/-/react-compose-refs-1.1.2.tgz 597ms (cache miss)
522 http fetch GET 200 https://registry.npmjs.org/@radix-ui/react-collection/-/react-collection-1.1.7.tgz 598ms (cache miss)
523 http fetch GET 200 https://registry.npmjs.org/@radix-ui/react-primitive/-/react-primitive-2.1.3.tgz 599ms (cache miss)
524 http fetch GET 200 https://registry.npmjs.org/undici/-/undici-7.16.0.tgz 605ms (cache miss)
525 http fetch GET 200 https://registry.npmjs.org/@radix-ui/react-collapsible/-/react-collapsible-1.1.12.tgz 598ms (cache miss)
526 http fetch GET 200 https://registry.npmjs.org/@radix-ui/react-id/-/react-id-1.1.1.tgz 600ms (cache miss)
527 http fetch GET 200 https://registry.npmjs.org/tailwind-merge/-/tailwind-merge-3.4.0.tgz 632ms (cache miss)
528 http fetch GET 200 https://registry.npmjs.org/@radix-ui/primitive/-/primitive-1.1.3.tgz 757ms (cache miss)
529 http fetch GET 200 https://registry.npmjs.org/react/-/react-19.2.0.tgz 821ms (cache miss)
530 http fetch GET 200 https://registry.npmjs.org/@radix-ui/react-use-layout-effect/-/react-use-layout-effect-1.1.1.tgz 877ms (cache miss)
531 http fetch GET 200 https://registry.npmjs.org/@radix-ui/react-progress/-/react-progress-1.1.8.tgz 897ms (cache miss)
532 http fetch GET 200 https://registry.npmjs.org/@radix-ui/react-slot/-/react-slot-1.2.4.tgz 905ms (cache miss)
533 http fetch GET 200 https://registry.npmjs.org/zod/-/zod-4.1.12.tgz 946ms (cache miss)
534 http fetch GET 200 https://registry.npmjs.org/@radix-ui/react-accordion/-/react-accordion-1.2.12.tgz 1018ms (cache miss)
535 http fetch GET 200 https://registry.npmjs.org/@radix-ui/react-label/-/react-label-2.1.8.tgz 1082ms (cache miss)
536 http fetch GET 200 https://registry.npmjs.org/entities/-/entities-6.0.1.tgz 1121ms (cache miss)
537 http fetch GET 200 https://registry.npmjs.org/entities/-/entities-6.0.1.tgz 1142ms (cache miss)
538 http fetch GET 200 https://registry.npmjs.org/class-variance-authority/-/class-variance-authority-0.7.1.tgz 1145ms (cache miss)
539 http fetch GET 200 https://registry.npmjs.org/@radix-ui/react-slot/-/react-slot-1.2.3.tgz 1195ms (cache miss)
540 http fetch GET 200 https://registry.npmjs.org/@radix-ui/react-slot/-/react-slot-1.2.3.tgz 1224ms (cache miss)
541 http fetch GET 200 https://registry.npmjs.org/@radix-ui/react-primitive/-/react-primitive-2.1.4.tgz 1275ms (cache miss)
542 http fetch GET 200 https://registry.npmjs.org/@radix-ui/react-primitive/-/react-primitive-2.1.4.tgz 1570ms (cache miss)
543 http fetch GET 200 https://registry.npmjs.org/clsx/-/clsx-2.1.1.tgz 1576ms (cache miss)
544 http fetch GET 200 https://registry.npmjs.org/@radix-ui/react-context/-/react-context-1.1.3.tgz 1571ms (cache miss)
545 http fetch GET 200 https://registry.npmjs.org/react-dom/-/react-dom-19.2.0.tgz 1913ms (cache miss)
546 http fetch GET 200 https://registry.npmjs.org/cheerio/-/cheerio-1.1.2.tgz 1913ms (cache miss)
547 http fetch GET 200 https://registry.npmjs.org/framer-motion/-/framer-motion-12.23.24.tgz 3436ms (cache miss)
548 http fetch GET 200 https://registry.npmjs.org/lucide-react/-/lucide-react-0.554.0.tgz 7656ms (cache miss)
549 http fetch GET 200 https://registry.npmjs.org/@img/sharp-libvips-darwin-arm64/-/sharp-libvips-darwin-arm64-1.2.4.tgz 17346ms (cache miss)
550 http fetch GET 200 https://registry.npmjs.org/next/-/next-16.0.3.tgz 21062ms (cache miss)
551 http fetch GET 200 https://registry.npmjs.org/@next/swc-darwin-arm64/-/swc-darwin-arm64-16.0.3.tgz 27291ms (cache miss)
552 info run sharp@0.34.5 install node_modules/sharp node install/check.js || npm run build
553 info run sharp@0.34.5 install { code: 0, signal: null }
554 silly ADD node_modules/client-only
555 silly ADD
556 silly ADD node_modules/semver
557 silly ADD node_modules/detect-libc
558 silly ADD
559 silly ADD
560 silly ADD
561 silly ADD
562 silly ADD
563 silly ADD
564 silly ADD
565 silly ADD
566 silly ADD
567 silly ADD
568 silly ADD
569 silly ADD
570 silly ADD
571 silly ADD
572 silly ADD
573 silly ADD
574 silly ADD
575 silly ADD
576 silly ADD
577 silly ADD
578 silly ADD
579 silly ADD node_modules/@img/sharp-libvips-darwin-arm64
580 silly ADD
581 silly ADD node_modules/@img/sharp-darwin-arm64
582 silly ADD node_modules/@img/colour
583 silly ADD node_modules/scheduler
584 silly ADD node_modules/source-map-js
585 silly ADD node_modules/picocolors
586 silly ADD node_modules/nanoid
587 silly ADD node_modules/styled-jsx
588 silly ADD node_modules/sharp
589 silly ADD node_modules/postcss
590 silly ADD node_modules/caniuse-lite
591 silly ADD node_modules/@swc/helpers
592 silly ADD
593 silly ADD
594 silly ADD
595 silly ADD
596 silly ADD
597 silly ADD
598 silly ADD
599 silly ADD node_modules/@next/swc-darwin-arm64
600 silly ADD node_modules/@next/env
601 silly ADD node_modules/safer-buffer
602 silly ADD node_modules/tslib
603 silly ADD node_modules/motion-utils
604 silly ADD node_modules/motion-dom
605 silly ADD node_modules/whatwg-encoding
606 silly ADD node_modules/iconv-lite
607 silly ADD node_modules/entities
608 silly ADD node_modules/nth-check
609 silly ADD node_modules/domelementtype
610 silly ADD node_modules/css-what
611 silly ADD node_modules/css-select
612 silly ADD node_modules/boolbase
613 silly ADD node_modules/whatwg-mimetype
614 silly ADD node_modules/undici
615 silly ADD node_modules/parse5-parser-stream
616 silly ADD node_modules/parse5-htmlparser2-tree-adapter
617 silly ADD node_modules/parse5
618 silly ADD node_modules/parse5/node_modules/entities
619 silly ADD node_modules/htmlparser2
620 silly ADD node_modules/htmlparser2/node_modules/entities
621 silly ADD node_modules/encoding-sniffer
622 silly ADD node_modules/domutils
623 silly ADD node_modules/domhandler
624 silly ADD node_modules/dom-serializer
625 silly ADD node_modules/cheerio-select
626 silly ADD node_modules/@radix-ui/react-use-effect-event
627 silly ADD node_modules/@radix-ui/react-use-layout-effect
628 silly ADD node_modules/@radix-ui/react-presence
629 silly ADD node_modules/@radix-ui/react-use-controllable-state
630 silly ADD node_modules/@radix-ui/react-primitive
631 silly ADD node_modules/@radix-ui/react-primitive/node_modules/@radix-ui/react-slot
632 silly ADD node_modules/@radix-ui/react-id
633 silly ADD node_modules/@radix-ui/react-direction
634 silly ADD node_modules/@radix-ui/react-context
635 silly ADD node_modules/@radix-ui/react-compose-refs
636 silly ADD node_modules/@radix-ui/react-collection
637 silly ADD node_modules/@radix-ui/react-collection/node_modules/@radix-ui/react-slot
638 silly ADD node_modules/@radix-ui/react-collapsible
639 silly ADD node_modules/@radix-ui/primitive
640 silly ADD node_modules/zod
641 silly ADD node_modules/tailwind-merge
642 silly ADD node_modules/react-dom
643 silly ADD node_modules/react
644 silly ADD node_modules/next
645 silly ADD node_modules/lucide-react
646 silly ADD node_modules/framer-motion
647 silly ADD node_modules/clsx
648 silly ADD node_modules/class-variance-authority
649 silly ADD node_modules/cheerio
650 silly ADD node_modules/@radix-ui/react-slot
651 silly ADD node_modules/@radix-ui/react-progress
652 silly ADD node_modules/@radix-ui/react-progress/node_modules/@radix-ui/react-primitive
653 silly ADD node_modules/@radix-ui/react-progress/node_modules/@radix-ui/react-context
654 silly ADD node_modules/@radix-ui/react-label
655 silly ADD node_modules/@radix-ui/react-label/node_modules/@radix-ui/react-primitive
656 silly ADD node_modules/@radix-ui/react-accordion
657 notice
657 notice New major version of npm available! 10.7.0 -> 11.6.3
657 notice Changelog: https://github.com/npm/cli/releases/tag/v11.6.3
657 notice To update run: npm install -g npm@11.6.3
657 notice  { force: true, [Symbol(proc-log.meta)]: true }
658 verbose exit 0
659 info ok
